<?xml version="1.0" encoding="UTF-8"?>
<testsuite name="edu.duke.cs.osprey.markstar.TestDPvsOriginal" tests="1" skipped="0" failures="0" errors="0" timestamp="2026-01-05T05:56:02" hostname="linux40" time="19.538">
  <properties/>
  <testcase name="testComprehensiveComparison()" classname="edu.duke.cs.osprey.markstar.TestDPvsOriginal" time="19.538"/>
  <system-out><![CDATA[
====================================================================================================
DETAILED COMPARISON: Original vs Phase 1+2
Configuration: 3 Mutable + 3 Flexible = 6 Total Positions
Recording: Minimizations, Corrections, Cache usage
====================================================================================================

=== Test 1: Original (baseline) ===
Configuration (Original-6pos):
  Flexible positions: 6
  Algorithm: Greedy
  DP optimizations: OFF

Calculating reference energies for 56 residue confs...
Progress:  100.0%   ETA: 0 ns
Finished in 58.5 ms
Calculating reference energies for 56 residue confs...
Progress:  100.0%   ETA: 0 ns
Finished in 37.2 ms
Calculating reference energies for 36 residue confs...
Progress:  100.0%   ETA: 0 ns
Finished in 18.1 ms
Calculating reference energies for 36 residue confs...
Progress:  100.0%   ETA: 0 ns
Finished in 15.7 ms
Calculating reference energies for 92 residue confs...
Progress:  100.0%   ETA: 0 ns
Finished in 40.4 ms
Calculating reference energies for 92 residue confs...
Progress:  100.0%   ETA: 0 ns
Finished in 38.0 ms
Pre-calculating energy matrices...
Calculating energy matrix with 1211 entries
Progress:  100.0%   ETA: 0 ns
Finished in 94.7 ms
Calculating energy matrix with 1211 entries
Progress:  100.0%   ETA: 0 ns
Finished in 226.0 ms
Calculating energy matrix with 260 entries
Progress:  100.0%   ETA: 0 ns
Finished in 43.8 ms
Calculating energy matrix with 260 entries
Progress:  100.0%   ETA: 0 ns
Finished in 482.2 ms
Calculating energy matrix with 3487 entries
Progress:  100.0%   ETA: 0 ns
Finished in 254.0 ms
Calculating energy matrix with 3487 entries
Progress:  100.0%   ETA: 0 ns
Finished in 894.0 ms
Running MARK*...
Calculating energy matrix with 1211 entries
Progress:  100.0%   ETA: 0 ns
Finished in 23.8 ms
Calculating energy matrix with 1211 entries
Progress:  100.0%   ETA: 0 ns
Finished in 162.2 ms
Calculating energy matrix with 260 entries
Progress:  100.0%   ETA: 0 ns
Finished in 17.5 ms
Calculating energy matrix with 260 entries
Progress:  100.0%   ETA: 0 ns
Finished in 368.3 ms
Calculating energy matrix with 3487 entries
Progress:  100.0%   ETA: 0 ns
Finished in 179.8 ms
Calculating energy matrix with 3487 entries
Progress:  100.0%   ETA: 3.0 ms
Finished in 688.2 ms
computing K* scores for 10 sequences to epsilon = 0.99 ...
Computing Protein:
Running until leaf is found...
[LEAF_CREATED] conf=17    13    0     8     pairwise=1.261529 correction=1.261529 rigid=7.110824 gscore=1.261529
MARK* expanded:        23, queued:         0, scored/sec: 4039, partial minimizations:    0, time:26.64 ms, delta:1.00000000000 heapMem:4.2% of 8.0 GiB, 1.4 GiB alloc, extMem:0 B
[LEAF_CREATED] conf=17    13    1     8     pairwise=9.290411 correction=9.290411 rigid=33.005874 gscore=9.290411
[LEAF_CREATED] conf=17    13    2     8     pairwise=-2.788934 correction=-2.788934 rigid=7.658108 gscore=-2.788934
[LEAF_CREATED] conf=17    13    3     8     pairwise=-5.034747 correction=-5.034747 rigid=-4.164665 gscore=-5.034747
[LEAF_CREATED] conf=17    13    4     8     pairwise=-3.835504 correction=-3.835504 rigid=-2.597706 gscore=-3.835504
[LEAF_CREATED] conf=17    13    14    8     pairwise=-5.257080 correction=-5.257080 rigid=-4.279690 gscore=-5.257080
Found a leaf!
========== MARK* After runUntilNonZero ==========
  epsilonBound:     0.989958951429228
  targetEpsilon:    0.99
  lower bound:      2562.9740483945140156315549427048667772713119292698576457816985843266
  upper bound:      255249.6415419151738234003414697209604486949062743905992558696949356691
  Will enter while loop? false
==================================================
Computation for G648=glu G649=phe G650=asp:41.85 ms
Computing Ligand:
Running until leaf is found...
[LEAF_CREATED] conf=27    0     pairwise=-9.472015 correction=-9.472015 rigid=46.402805 gscore=-9.472015
MARK* expanded:        28, queued:         0, scored/sec:25626, partial minimizations:    0, time:4.97 ms, delta:1.00000000000 heapMem:4.2% of 8.0 GiB, 1.4 GiB alloc, extMem:0 B
[LEAF_CREATED] conf=27    1     pairwise=-23.209044 correction=-23.209044 rigid=-22.716596 gscore=-23.209044
[LEAF_CREATED] conf=27    2     pairwise=155.835000 correction=155.835000 rigid=703.161429 gscore=155.835000
[LEAF_CREATED] conf=27    3     pairwise=420.623355 correction=420.623355 rigid=76633.759931 gscore=420.623355
[LEAF_CREATED] conf=27    4     pairwise=-23.719703 correction=-23.719703 rigid=-20.844801 gscore=-23.719703
[LEAF_CREATED] conf=27    5     pairwise=-22.914355 correction=-22.914355 rigid=-16.606818 gscore=-22.914355
[LEAF_CREATED] conf=27    6     pairwise=-0.412639 correction=-0.412639 rigid=36.189417 gscore=-0.412639
[LEAF_CREATED] conf=27    7     pairwise=-27.149192 correction=-27.149192 rigid=-27.497800 gscore=-27.497800
Found a leaf!
========== MARK* After runUntilNonZero ==========
  epsilonBound:     0.7780760244337693
  targetEpsilon:    0.99
  lower bound:      76170412660132216535.7928952506783804085304777238216097066896595487954210471339895064
  upper bound:      343227506022214430681.3074730922252533977746372880348328663304031374966106388943564431
  Will enter while loop? false
==================================================
Computation for G648=glu G649=phe G650=asp:10.42 ms
Computing Complex:
Running until leaf is found...
[LEAF_CREATED] conf=0     13    14    8     27    7     pairwise=-48.629001 correction=-48.629001 rigid=-41.816134 gscore=-48.629001
MARK* expanded:        56, queued:         0, scored/sec:17691, partial minimizations:    0, time:15.09 ms, delta:1.00000000000 heapMem:4.2% of 8.0 GiB, 1.4 GiB alloc, extMem:0 B
[LEAF_CREATED] conf=1     13    14    8     27    7     pairwise=-26.155758 correction=-26.155758 rigid=-1.537748 gscore=-26.155758
[LEAF_CREATED] conf=2     13    14    8     27    7     pairwise=-49.885722 correction=-49.885722 rigid=-45.331300 gscore=-49.885722
[LEAF_CREATED] conf=3     13    14    8     27    7     pairwise=-51.504260 correction=-51.504260 rigid=-49.239877 gscore=-51.504260
[LEAF_CREATED] conf=4     13    14    8     27    7     pairwise=-49.441416 correction=-49.441416 rigid=-42.089400 gscore=-49.441416
[LEAF_CREATED] conf=5     13    14    8     27    7     pairwise=-48.571521 correction=-48.571521 rigid=-45.133464 gscore=-48.571521
[LEAF_CREATED] conf=6     13    14    8     27    7     pairwise=-51.849530 correction=-51.849530 rigid=-49.731837 gscore=-51.849530
[LEAF_CREATED] conf=7     13    14    8     27    7     pairwise=-51.225383 correction=-51.225383 rigid=-48.668841 gscore=-51.225383
[LEAF_CREATED] conf=17    13    14    8     27    7     pairwise=-53.054011 correction=-53.054011 rigid=-51.189920 gscore=-53.054011
Found a leaf!
========== MARK* After runUntilNonZero ==========
  epsilonBound:     0.9999975303952476
  targetEpsilon:    0.99
  lower bound:      34878072859988912605788305517940065479.8129418126081847072052209222805069030735747209101072658140259725
  upper bound:      14122937213652720644735518277397516713221189.3553398712144416683423879237850640843487304893475971078291316965
  Will enter while loop? true
==================================================
Current overall error bound: 0.9999975304, spread of [3.487807e+37, 1.412294e+43]
Z Comparison: 1.412204e+43, 6.802102e+38
Processing 51 internal nodes...
Loop complete. Bounds are now [3.901787e+37,7.082954e+40]
Current overall error bound: 0.9994491300, spread of [3.901787e+37, 7.082954e+40]
Z Comparison: 6.901969e+40, 6.802102e+38
Processing 464 internal nodes...
Loop complete. Bounds are now [3.923342e+37,2.316461e+39]
Computation for G648=glu G649=phe G650=asp:207.46 ms
Computing Protein:
Running until leaf is found...
[LEAF_CREATED] conf=17    13    5     8     pairwise=-7.585973 correction=-7.585973 rigid=-6.895784 gscore=-7.585973
MARK* expanded:        23, queued:         0, scored/sec:34952, partial minimizations:    0, time:2.44 ms, delta:1.00000000000 heapMem:4.2% of 8.0 GiB, 1.4 GiB alloc, extMem:0 B
Found a leaf!
========== MARK* After runUntilNonZero ==========
  epsilonBound:     0.9282230563629481
  targetEpsilon:    0.99
  lower bound:      199304.9542313832711500436224125416131558486264662566639630307681503964
  upper bound:      2776726.6775692051845378488098368223321176607839079762240077312975953984
  Will enter while loop? false
==================================================
Computation for G648=glu G649=phe G650=ALA:4.38 ms
Computing Ligand:
Running until leaf is found...
[LEAF_CREATED] conf=27    0     pairwise=-9.472015 correction=-9.472015 rigid=46.402805 gscore=-9.472015
MARK* expanded:        28, queued:         0, scored/sec:71034, partial minimizations:    0, time:2.16 ms, delta:1.00000000000 heapMem:4.2% of 8.0 GiB, 1.4 GiB alloc, extMem:0 B
[LEAF_CREATED] conf=27    1     pairwise=-23.209044 correction=-23.209044 rigid=-22.716596 gscore=-23.209044
[LEAF_CREATED] conf=27    2     pairwise=155.835000 correction=155.835000 rigid=703.161429 gscore=155.835000
[LEAF_CREATED] conf=27    3     pairwise=420.623355 correction=420.623355 rigid=76633.759931 gscore=420.623355
[LEAF_CREATED] conf=27    4     pairwise=-23.719703 correction=-23.719703 rigid=-20.844801 gscore=-23.719703
[LEAF_CREATED] conf=27    5     pairwise=-22.914355 correction=-22.914355 rigid=-16.606818 gscore=-22.914355
[LEAF_CREATED] conf=27    6     pairwise=-0.412639 correction=-0.412639 rigid=36.189417 gscore=-0.412639
[LEAF_CREATED] conf=27    7     pairwise=-27.149192 correction=-27.149192 rigid=-27.497800 gscore=-27.497800
Found a leaf!
========== MARK* After runUntilNonZero ==========
  epsilonBound:     0.7780760244337693
  targetEpsilon:    0.99
  lower bound:      76170412660132216535.7928952506783804085304777238216097066896595487954210471339895064
  upper bound:      343227506022214430681.3074730922252533977746372880348328663304031374966106388943564431
  Will enter while loop? false
==================================================
Computation for G648=glu G649=phe G650=ALA:6.27 ms
Computing Complex:
Running until leaf is found...
[LEAF_CREATED] conf=17    13    5     8     27    7     pairwise=-53.110197 correction=-53.110197 rigid=-51.620448 gscore=-53.110197
MARK* expanded:        59, queued:         0, scored/sec:36394, partial minimizations:    0, time:8.15 ms, delta:1.00000000000 heapMem:4.2% of 8.0 GiB, 1.4 GiB alloc, extMem:0 B
Found a leaf!
========== MARK* After runUntilNonZero ==========
  epsilonBound:     0.9999665943995957
  targetEpsilon:    0.99
  lower bound:      77555396054175969795427087843920274700.9131022436380246138290661511327556126624607181061493820964647477
  upper bound:      2321628562737160969426906940458704524880733.1195704594778698009334620748303411556676312672244220041772869474
  Will enter while loop? true
==================================================
Current overall error bound: 0.9999665944, spread of [7.755540e+37, 2.321629e+42]
Z Comparison: 2.320833e+42, 7.181382e+38
Processing 54 internal nodes...
[LEAF_CREATED] conf=17    13    5     8     9     7     pairwise=-51.627604 correction=-51.627604 rigid=-44.968094 gscore=-51.627604
[LEAF_CREATED] conf=17    13    5     8     12    7     pairwise=-50.978444 correction=-50.978444 rigid=-48.397090 gscore=-50.978444
Loop complete. Bounds are now [8.570316e+37,1.384478e+40]
Current overall error bound: 0.9938097137, spread of [8.570316e+37, 1.384478e+40]
Z Comparison: 1.203120e+40, 7.181382e+38
Processing 486 internal nodes...
Loop complete. Bounds are now [8.570889e+37,2.252045e+39]
Computation for G648=glu G649=phe G650=ALA:90.83 ms
Computing Protein:
Running until leaf is found...
[LEAF_CREATED] conf=17    13    6     8     pairwise=-6.451743 correction=-6.451743 rigid=-5.379923 gscore=-6.451743
MARK* expanded:        23, queued:         0, scored/sec:72440, partial minimizations:    0, time:1.17 ms, delta:1.00000000000 heapMem:4.2% of 8.0 GiB, 1.4 GiB alloc, extMem:0 B
[LEAF_CREATED] conf=17    13    7     8     pairwise=-7.601105 correction=-7.601105 rigid=-6.606187 gscore=-7.601105
[LEAF_CREATED] conf=17    13    8     8     pairwise=-7.339270 correction=-7.339270 rigid=-6.176927 gscore=-7.339270
Found a leaf!
========== MARK* After runUntilNonZero ==========
  epsilonBound:     0.9837749793276837
  targetEpsilon:    0.99
  lower bound:      131694.3124540292991953343732859744755800525750634552842905137820485047
  upper bound:      8116742.3520593788431189151457585463841995963785607648036897295547681165
  Will enter while loop? false
==================================================
Computation for G648=glu G649=phe G650=VAL:2.51 ms
Computing Ligand:
Running until leaf is found...
[LEAF_CREATED] conf=27    0     pairwise=-9.472015 correction=-9.472015 rigid=46.402805 gscore=-9.472015
MARK* expanded:        28, queued:         0, scored/sec:164101, partial minimizations:    0, time:976.94 us, delta:1.00000000000 heapMem:4.2% of 8.0 GiB, 1.4 GiB alloc, extMem:0 B
[LEAF_CREATED] conf=27    1     pairwise=-23.209044 correction=-23.209044 rigid=-22.716596 gscore=-23.209044
[LEAF_CREATED] conf=27    2     pairwise=155.835000 correction=155.835000 rigid=703.161429 gscore=155.835000
[LEAF_CREATED] conf=27    3     pairwise=420.623355 correction=420.623355 rigid=76633.759931 gscore=420.623355
[LEAF_CREATED] conf=27    4     pairwise=-23.719703 correction=-23.719703 rigid=-20.844801 gscore=-23.719703
[LEAF_CREATED] conf=27    5     pairwise=-22.914355 correction=-22.914355 rigid=-16.606818 gscore=-22.914355
[LEAF_CREATED] conf=27    6     pairwise=-0.412639 correction=-0.412639 rigid=36.189417 gscore=-0.412639
[LEAF_CREATED] conf=27    7     pairwise=-27.149192 correction=-27.149192 rigid=-27.497800 gscore=-27.497800
Found a leaf!
========== MARK* After runUntilNonZero ==========
  epsilonBound:     0.7780760244337693
  targetEpsilon:    0.99
  lower bound:      76170412660132216535.7928952506783804085304777238216097066896595487954210471339895064
  upper bound:      343227506022214430681.3074730922252533977746372880348328663304031374966106388943564431
  Will enter while loop? false
==================================================
Computation for G648=glu G649=phe G650=VAL:2.96 ms
Computing Complex:
Running until leaf is found...
[LEAF_CREATED] conf=17    13    6     8     27    7     pairwise=-42.468877 correction=-42.468877 rigid=-36.918884 gscore=-42.468877
MARK* expanded:        59, queued:         0, scored/sec:71575, partial minimizations:    0, time:4.27 ms, delta:1.00000000000 heapMem:4.2% of 8.0 GiB, 1.4 GiB alloc, extMem:0 B
[LEAF_CREATED] conf=17    13    7     8     27    7     pairwise=-42.616930 correction=-42.616930 rigid=-36.140690 gscore=-42.616930
[LEAF_CREATED] conf=17    13    8     8     27    7     pairwise=-54.082832 correction=-54.082832 rigid=-51.878560 gscore=-54.082832
Found a leaf!
========== MARK* After runUntilNonZero ==========
  epsilonBound:     0.9999972797503219
  targetEpsilon:    0.99
  lower bound:      97950302371685556737696171510072897150.5585478587599748479603948962570609147540723474532542093983517390
  upper bound:      36007835295473982411799622573254883802829021.6121410624129593802012619841803783451421444433261213930654138904
  Will enter while loop? true
==================================================
Current overall error bound: 0.9999972798, spread of [9.795030e+37, 3.600784e+43]
Z Comparison: 3.600381e+43, 3.931157e+39
Processing 54 internal nodes...
Loop complete. Bounds are now [1.303072e+38,2.046646e+41]
Current overall error bound: 0.9993633134, spread of [1.303072e+38, 2.046646e+41]
Z Comparison: 1.952903e+41, 3.931157e+39
Processing 486 internal nodes...
Loop complete. Bounds are now [1.326547e+38,1.270288e+40]
Computation for G648=glu G649=phe G650=VAL:86.69 ms
Computing Protein:
Running until leaf is found...
[LEAF_CREATED] conf=17    13    9     8     pairwise=0.837742 correction=0.837742 rigid=68.871409 gscore=0.837742
MARK* expanded:        23, queued:         0, scored/sec:85988, partial minimizations:    0, time:1.06 ms, delta:1.00000000000 heapMem:4.2% of 8.0 GiB, 1.4 GiB alloc, extMem:0 B
[LEAF_CREATED] conf=17    13    10    8     pairwise=-7.990759 correction=-7.990759 rigid=-6.466383 gscore=-7.990759
[LEAF_CREATED] conf=17    13    11    8     pairwise=-8.115815 correction=-8.115815 rigid=-4.853902 gscore=-8.115815
[LEAF_CREATED] conf=17    13    12    8     pairwise=-7.211621 correction=-7.211621 rigid=-1.392155 gscore=-7.211621
[LEAF_CREATED] conf=17    13    13    8     pairwise=-8.071214 correction=-8.071214 rigid=-6.861204 gscore=-8.071214
Found a leaf!
========== MARK* After runUntilNonZero ==========
  epsilonBound:     0.9949585662122078
  targetEpsilon:    0.99
  lower bound:      163772.1871570866947492077668390373042738589142022300830269437059317147
  upper bound:      32485240.1222959245130621063998512895221714820401751057688451981313388368
  Will enter while loop? true
==================================================
Current overall error bound: 0.9949585662, spread of [1.637722e+05, 3.248524e+07]
Z Comparison: 2.989201e+07, 8.739488e+05
Processing 20 internal nodes...
[LEAF_CREATED] conf=17    0     9     8     pairwise=1.102242 correction=1.102242 rigid=69.058662 gscore=1.102242
[LEAF_CREATED] conf=3     13    9     8     pairwise=1.940931 correction=1.940931 rigid=70.218850 gscore=1.940931
[LEAF_CREATED] conf=6     13    9     8     pairwise=1.963624 correction=1.963624 rigid=70.218766 gscore=1.963624
[LEAF_CREATED] conf=7     13    9     8     pairwise=1.746245 correction=1.746245 rigid=70.149204 gscore=1.746245
[LEAF_CREATED] conf=6     13    10    8     pairwise=-6.864370 correction=-6.864370 rigid=-5.118192 gscore=-6.864370
[LEAF_CREATED] conf=3     13    10    8     pairwise=-6.884823 correction=-6.884823 rigid=-5.107178 gscore=-6.884823
[LEAF_CREATED] conf=17    13    9     0     pairwise=2.684028 correction=2.684028 rigid=71.261206 gscore=2.684028
[LEAF_CREATED] conf=7     13    10    8     pairwise=-7.084742 correction=-7.084742 rigid=-5.188867 gscore=-7.084742
[LEAF_CREATED] conf=17    0     10    8     pairwise=-7.731092 correction=-7.731092 rigid=-6.286269 gscore=-7.731092
[LEAF_CREATED] conf=17    13    9     6     pairwise=2.994894 correction=2.994894 rigid=72.344125 gscore=2.994894
Loop complete. Bounds are now [3.518242e+05,8.915995e+06]
Computation for G648=glu G649=phe G650=LEU:6.70 ms
Computing Ligand:
Running until leaf is found...
[LEAF_CREATED] conf=27    0     pairwise=-9.472015 correction=-9.472015 rigid=46.402805 gscore=-9.472015
MARK* expanded:        28, queued:         0, scored/sec:120383, partial minimizations:    0, time:1.40 ms, delta:1.00000000000 heapMem:4.2% of 8.0 GiB, 1.4 GiB alloc, extMem:0 B
[LEAF_CREATED] conf=27    1     pairwise=-23.209044 correction=-23.209044 rigid=-22.716596 gscore=-23.209044
[LEAF_CREATED] conf=27    2     pairwise=155.835000 correction=155.835000 rigid=703.161429 gscore=155.835000
[LEAF_CREATED] conf=27    3     pairwise=420.623355 correction=420.623355 rigid=76633.759931 gscore=420.623355
[LEAF_CREATED] conf=27    4     pairwise=-23.719703 correction=-23.719703 rigid=-20.844801 gscore=-23.719703
[LEAF_CREATED] conf=27    5     pairwise=-22.914355 correction=-22.914355 rigid=-16.606818 gscore=-22.914355
[LEAF_CREATED] conf=27    6     pairwise=-0.412639 correction=-0.412639 rigid=36.189417 gscore=-0.412639
[LEAF_CREATED] conf=27    7     pairwise=-27.149192 correction=-27.149192 rigid=-27.497800 gscore=-27.497800
Found a leaf!
========== MARK* After runUntilNonZero ==========
  epsilonBound:     0.7780760244337693
  targetEpsilon:    0.99
  lower bound:      76170412660132216535.7928952506783804085304777238216097066896595487954210471339895064
  upper bound:      343227506022214430681.3074730922252533977746372880348328663304031374966106388943564431
  Will enter while loop? false
==================================================
Computation for G648=glu G649=phe G650=LEU:3.78 ms
Computing Complex:
Running until leaf is found...
[LEAF_CREATED] conf=0     13    13    8     27    7     pairwise=-36.147843 correction=-36.147843 rigid=31.133494 gscore=-36.147843
MARK* expanded:        55, queued:         0, scored/sec:52078, partial minimizations:    0, time:5.06 ms, delta:1.00000000000 heapMem:4.2% of 8.0 GiB, 1.4 GiB alloc, extMem:0 B
[LEAF_CREATED] conf=1     13    13    8     27    7     pairwise=-13.528708 correction=-13.528708 rigid=71.642125 gscore=-13.528708
[LEAF_CREATED] conf=2     13    13    8     27    7     pairwise=-38.076994 correction=-38.076994 rigid=26.696496 gscore=-38.076994
[LEAF_CREATED] conf=3     13    13    8     27    7     pairwise=-39.503742 correction=-39.503742 rigid=23.144717 gscore=-39.503742
[LEAF_CREATED] conf=4     13    13    8     27    7     pairwise=-38.493104 correction=-38.493104 rigid=28.516486 gscore=-38.493104
[LEAF_CREATED] conf=5     13    13    8     27    7     pairwise=-35.924917 correction=-35.924917 rigid=28.096973 gscore=-35.924917
[LEAF_CREATED] conf=6     13    13    8     27    7     pairwise=-39.328666 correction=-39.328666 rigid=23.301268 gscore=-39.328666
[LEAF_CREATED] conf=7     13    13    8     27    7     pairwise=-38.851089 correction=-38.851089 rigid=24.124209 gscore=-38.851089
[LEAF_CREATED] conf=17    13    13    8     27    7     pairwise=-40.527724 correction=-40.527724 rigid=21.854455 gscore=-40.527724
Found a leaf!
========== MARK* After runUntilNonZero ==========
  epsilonBound:     1.0
  targetEpsilon:    0.99
  lower bound:      1.211170212845405107493269991494379733143572695523E-16
  upper bound:      2368786733750836057767369024671834623583.5752953321011723988628768120966224205930481920603003975767995384
  Will enter while loop? true
==================================================
Current overall error bound: 1.0000000000, spread of [1.211170e-16, 2.368787e+39]
Z Comparison: 2.368787e+39, 4.772158e+29
Processing 50 internal nodes...
[LEAF_CREATED] conf=0     13    13    8     8     7     pairwise=-33.501853 correction=-33.501853 rigid=36.973363 gscore=-33.501853
[LEAF_CREATED] conf=0     13    13    8     9     7     pairwise=-34.669635 correction=-34.669635 rigid=37.777531 gscore=-34.669635
[LEAF_CREATED] conf=0     13    12    8     27    7     pairwise=-43.578568 correction=-43.578568 rigid=-29.305485 gscore=-43.578568
Loop complete. Bounds are now [2.241461e+28,3.905835e+38]
Current overall error bound: 0.9999999999, spread of [2.241461e+28, 3.905835e+38]
Z Comparison: 3.903924e+38, 1.309734e+35
Processing 370 internal nodes...
Loop complete. Bounds are now [2.478207e+28,2.338483e+36]
Current overall error bound: 0.9999999894, spread of [2.478207e+28, 2.338483e+36]
Z Comparison: 1.970790e+36, 1.309734e+35
Processing 1000 internal nodes...
Loop complete. Bounds are now [2.478374e+28,3.920979e+35]
Current overall error bound: 0.9999999368, spread of [2.478374e+28, 3.920979e+35]
Z Comparison: 1.104669e+34, 1.309734e+35
Processing 1 leaf nodes...
[MINIMIZATION_DECISION] conf=17    13    12    8     27    7     pairwise=-47.954216 gscore=-47.954216 correction=-47.954216 decision=MINIMIZE reason=no_sufficient_correction
[MINIMIZE] conf=17    13    12    8     27    7     pairwise=-47.954216 minimized=-42.961689 gap=4.992527 time=212.10ms
[TRIPLE_CORRECTION] tuple=Res 0 RC 17 Res 2 RC 12 Res 5 RC 7  pairwise=-10.136464 minimized=-10.097884 correction=0.038580 negative=false
[TRIPLE_CORRECTION] tuple=Res 1 RC 13 Res 2 RC 12 Res 5 RC 7  pairwise=-19.104481 minimized=-15.450039 correction=3.654442 negative=false
[TRIPLE_CORRECTION] tuple=Res 1 RC 13 Res 2 RC 12 Res 4 RC 27  pairwise=-20.877304 minimized=-17.259841 correction=3.617463 negative=false
[TRIPLE_CORRECTION] tuple=Res 0 RC 17 Res 2 RC 12 Res 3 RC 8  pairwise=0.165516 minimized=0.282210 correction=0.116694 negative=false
[TRIPLE_CORRECTION] tuple=Res 1 RC 13 Res 2 RC 12 Res 3 RC 8  pairwise=-9.859384 minimized=-6.198360 correction=3.661025 negative=false
[TRIPLE_CORRECTION] tuple=Res 0 RC 17 Res 1 RC 13 Res 4 RC 27  pairwise=-25.565892 minimized=-25.268975 correction=0.296918 negative=false
[TRIPLE_CORRECTION] tuple=Res 0 RC 17 Res 1 RC 13 Res 3 RC 8  pairwise=-12.237514 minimized=-11.760118 correction=0.477396 negative=false
[TRIPLE_CORRECTION] tuple=Res 0 RC 17 Res 1 RC 13 Res 2 RC 12  pairwise=-6.991668 minimized=-3.565317 correction=3.426351 negative=false
[TRIPLE_CORRECTION] tuple=Res 0 RC 17 Res 2 RC 12 Res 3 RC 8  pairwise=0.165516 minimized=0.282210 correction=0.116694 negative=false
[TRIPLE_CORRECTION] tuple=Res 2 RC 12 Res 3 RC 8 Res 5 RC 7  pairwise=-15.740981 minimized=-15.622620 correction=0.118361 negative=false
[TRIPLE_CORRECTION] tuple=Res 2 RC 12 Res 4 RC 27 Res 5 RC 7  pairwise=-25.592579 minimized=-25.508149 correction=0.084430 negative=false
[TRIPLE_CORRECTION] tuple=Res 0 RC 17 Res 1 RC 13 Res 2 RC 12  pairwise=-6.991668 minimized=-3.565317 correction=3.426351 negative=false
[TRIPLE_CORRECTION] tuple=Res 1 RC 13 Res 3 RC 8 Res 4 RC 27  pairwise=-29.346687 minimized=-28.211038 correction=1.135649 negative=false
[TRIPLE_CORRECTION] tuple=Res 0 RC 17 Res 1 RC 13 Res 3 RC 8  pairwise=-12.237514 minimized=-11.760118 correction=0.477396 negative=false
[TRIPLE_CORRECTION] tuple=Res 0 RC 17 Res 2 RC 12 Res 4 RC 27  pairwise=-12.245458 minimized=-12.192984 correction=0.052475 negative=false
[TRIPLE_CORRECTION] tuple=Res 0 RC 17 Res 1 RC 13 Res 3 RC 8  pairwise=-12.237514 minimized=-11.760118 correction=0.477396 negative=false
[TRIPLE_CORRECTION] tuple=Res 0 RC 17 Res 1 RC 13 Res 4 RC 27  pairwise=-25.565892 minimized=-25.268975 correction=0.296918 negative=false
[TRIPLE_CORRECTION] tuple=Res 0 RC 17 Res 2 RC 12 Res 4 RC 27  pairwise=-12.245458 minimized=-12.192984 correction=0.052475 negative=false
[TRIPLE_CORRECTION] tuple=Res 0 RC 17 Res 2 RC 12 Res 4 RC 27  pairwise=-12.245458 minimized=-12.192984 correction=0.052475 negative=false
[TRIPLE_CORRECTION] tuple=Res 0 RC 17 Res 1 RC 13 Res 4 RC 27  pairwise=-25.565892 minimized=-25.268975 correction=0.296918 negative=false
[TRIPLE_CORRECTION] tuple=Res 1 RC 13 Res 3 RC 8 Res 4 RC 27  pairwise=-29.346687 minimized=-28.211038 correction=1.135649 negative=false
[TRIPLE_CORRECTION] tuple=Res 2 RC 12 Res 3 RC 8 Res 5 RC 7  pairwise=-15.740981 minimized=-15.622620 correction=0.118361 negative=false
[TRIPLE_CORRECTION] tuple=Res 1 RC 13 Res 3 RC 8 Res 4 RC 27  pairwise=-29.346687 minimized=-28.211038 correction=1.135649 negative=false
[TRIPLE_CORRECTION] tuple=Res 2 RC 12 Res 4 RC 27 Res 5 RC 7  pairwise=-25.592579 minimized=-25.508149 correction=0.084430 negative=false
[TRIPLE_CORRECTION] tuple=Res 0 RC 17 Res 3 RC 8 Res 4 RC 27  pairwise=-20.248285 minimized=-19.652164 correction=0.596120 negative=false
[TRIPLE_CORRECTION] tuple=Res 2 RC 12 Res 4 RC 27 Res 5 RC 7  pairwise=-25.592579 minimized=-25.508149 correction=0.084430 negative=false
[TRIPLE_CORRECTION] tuple=Res 2 RC 12 Res 3 RC 8 Res 4 RC 27  pairwise=-18.004157 minimized=-17.356547 correction=0.647610 negative=false
[TRIPLE_CORRECTION] tuple=Res 2 RC 12 Res 3 RC 8 Res 4 RC 27  pairwise=-18.004157 minimized=-17.356547 correction=0.647610 negative=false
[TRIPLE_CORRECTION] tuple=Res 0 RC 17 Res 3 RC 8 Res 4 RC 27  pairwise=-20.248285 minimized=-19.652164 correction=0.596120 negative=false
[TRIPLE_CORRECTION] tuple=Res 2 RC 12 Res 3 RC 8 Res 4 RC 27  pairwise=-18.004157 minimized=-17.356547 correction=0.647610 negative=false
[TRIPLE_CORRECTION] tuple=Res 0 RC 17 Res 3 RC 8 Res 4 RC 27  pairwise=-20.248285 minimized=-19.652164 correction=0.596120 negative=false
[CORRECTION_SUMMARY] conf=17    13    12    8     27    7     triples_generated=42 computation_time=197.11ms
[17    13    12    8     27    7    ]conf:   1, score:  -47.954216, lower:  -47.954216, corrected:  -44.293191 energy:  -42.961689, bounds:[2.478374e+28, 3.920979e+35], delta:    1.000000, time:    1.06 s
Processed 1 leaves in 0.802896444 seconds.
Loop complete. Bounds are now [2.892171e+31,2.611534e+35]
Current overall error bound: 0.9998892539, spread of [2.892171e+31, 2.611534e+35]
Z Comparison: 6.447882e+33, 1.118824e+29
Processing 1358 internal nodes...
Loop complete. Bounds are now [2.892171e+31,8.231404e+32]
Computation for G648=glu G649=phe G650=LEU:1.26 s
Computing Protein:
Running until leaf is found...
[LEAF_CREATED] conf=17    4     14    8     pairwise=-2.716475 correction=-2.716475 rigid=-2.364531 gscore=-2.716475
MARK* expanded:        24, queued:         0, scored/sec:48100, partial minimizations:    0, time:988.61 us, delta:1.00000000000 heapMem:4.2% of 8.0 GiB, 1.4 GiB alloc, extMem:0 B
Found a leaf!
========== MARK* After runUntilNonZero ==========
  epsilonBound:     0.8707013306132113
  targetEpsilon:    0.99
  lower bound:      100.4746911035533355915473886786194603077589618566493617246200170415
  upper bound:      777.0744399773341119507438001610685815464650478157647921349744265893
  Will enter while loop? false
==================================================
Computation for G648=glu G649=ALA G650=asp:1.63 ms
Computing Ligand:
Running until leaf is found...
[LEAF_CREATED] conf=27    0     pairwise=-9.472015 correction=-9.472015 rigid=46.402805 gscore=-9.472015
MARK* expanded:        28, queued:         0, scored/sec:358081, partial minimizations:    0, time:602.69 us, delta:1.00000000000 heapMem:4.2% of 8.0 GiB, 1.4 GiB alloc, extMem:0 B
[LEAF_CREATED] conf=27    1     pairwise=-23.209044 correction=-23.209044 rigid=-22.716596 gscore=-23.209044
[LEAF_CREATED] conf=27    2     pairwise=155.835000 correction=155.835000 rigid=703.161429 gscore=155.835000
[LEAF_CREATED] conf=27    3     pairwise=420.623355 correction=420.623355 rigid=76633.759931 gscore=420.623355
[LEAF_CREATED] conf=27    4     pairwise=-23.719703 correction=-23.719703 rigid=-20.844801 gscore=-23.719703
[LEAF_CREATED] conf=27    5     pairwise=-22.914355 correction=-22.914355 rigid=-16.606818 gscore=-22.914355
[LEAF_CREATED] conf=27    6     pairwise=-0.412639 correction=-0.412639 rigid=36.189417 gscore=-0.412639
[LEAF_CREATED] conf=27    7     pairwise=-27.149192 correction=-27.149192 rigid=-27.497800 gscore=-27.497800
Found a leaf!
========== MARK* After runUntilNonZero ==========
  epsilonBound:     0.7780760244337693
  targetEpsilon:    0.99
  lower bound:      76170412660132216535.7928952506783804085304777238216097066896595487954210471339895064
  upper bound:      343227506022214430681.3074730922252533977746372880348328663304031374966106388943564431
  Will enter while loop? false
==================================================
Computation for G648=glu G649=ALA G650=asp:1.80 ms
Computing Complex:
Running until leaf is found...
[LEAF_CREATED] conf=17    4     14    8     27    7     pairwise=-44.519367 correction=-43.923247 rigid=-43.815401 gscore=-43.923247
MARK* expanded:        60, queued:         0, scored/sec:33908, partial minimizations:    0, time:7.83 ms, delta:1.00000000000 heapMem:4.2% of 8.0 GiB, 1.4 GiB alloc, extMem:0 B
Found a leaf!
========== MARK* After runUntilNonZero ==========
  epsilonBound:     0.9999452142584673
  targetEpsilon:    0.99
  lower bound:      138910044069009263736413395657781.9894748161381731294983842030268161014790938220298072938962907380
  upper bound:      2535514536862022805471904919350610628.1371060406765402446303717110987792350498330940219226367898978224
  Will enter while loop? true
==================================================
Current overall error bound: 0.9999452143, spread of [1.389100e+32, 2.535515e+36]
Z Comparison: 2.535351e+36, 2.432763e+31
Processing 55 internal nodes...
[LEAF_CREATED] conf=17    4     14    8     9     7     pairwise=-43.351244 correction=-43.351244 rigid=-40.264212 gscore=-43.351244
[LEAF_CREATED] conf=17    4     14    8     8     7     pairwise=-42.101602 correction=-42.101602 rigid=-39.378139 gscore=-42.101602
Loop complete. Bounds are now [1.628282e+32,1.261819e+34]
Computation for G648=glu G649=ALA G650=asp:34.23 ms
Computing Protein:
Running until leaf is found...
[LEAF_CREATED] conf=17    5     14    8     pairwise=2.682718 correction=2.682718 rigid=6.158635 gscore=2.682718
MARK* expanded:        24, queued:         0, scored/sec:37218, partial minimizations:    0, time:1.05 ms, delta:1.00000000000 heapMem:4.2% of 8.0 GiB, 1.4 GiB alloc, extMem:0 B
[LEAF_CREATED] conf=17    6     14    8     pairwise=6.683950 correction=6.683950 rigid=8.525981 gscore=6.683950
[LEAF_CREATED] conf=17    7     14    8     pairwise=-1.995454 correction=-1.995454 rigid=-1.527547 gscore=-1.995454
Found a leaf!
========== MARK* After runUntilNonZero ==========
  epsilonBound:     0.9872061879508263
  targetEpsilon:    0.99
  lower bound:      13.1411487258487783627781829224992967573899837215570710490594876765
  upper bound:      1027.1488025101542169740848313314396376654618091252943710551375744574
  Will enter while loop? false
==================================================
Computation for G648=glu G649=VAL G650=asp:1.96 ms
Computing Ligand:
Running until leaf is found...
[LEAF_CREATED] conf=27    0     pairwise=-9.472015 correction=-9.472015 rigid=46.402805 gscore=-9.472015
MARK* expanded:        28, queued:         0, scored/sec:209733, partial minimizations:    0, time:914.71 us, delta:1.00000000000 heapMem:4.2% of 8.0 GiB, 1.4 GiB alloc, extMem:0 B
[LEAF_CREATED] conf=27    1     pairwise=-23.209044 correction=-23.209044 rigid=-22.716596 gscore=-23.209044
[LEAF_CREATED] conf=27    2     pairwise=155.835000 correction=155.835000 rigid=703.161429 gscore=155.835000
[LEAF_CREATED] conf=27    3     pairwise=420.623355 correction=420.623355 rigid=76633.759931 gscore=420.623355
[LEAF_CREATED] conf=27    4     pairwise=-23.719703 correction=-23.719703 rigid=-20.844801 gscore=-23.719703
[LEAF_CREATED] conf=27    5     pairwise=-22.914355 correction=-22.914355 rigid=-16.606818 gscore=-22.914355
[LEAF_CREATED] conf=27    6     pairwise=-0.412639 correction=-0.412639 rigid=36.189417 gscore=-0.412639
[LEAF_CREATED] conf=27    7     pairwise=-27.149192 correction=-27.149192 rigid=-27.497800 gscore=-27.497800
Found a leaf!
========== MARK* After runUntilNonZero ==========
  epsilonBound:     0.7780760244337693
  targetEpsilon:    0.99
  lower bound:      76170412660132216535.7928952506783804085304777238216097066896595487954210471339895064
  upper bound:      343227506022214430681.3074730922252533977746372880348328663304031374966106388943564431
  Will enter while loop? false
==================================================
Computation for G648=glu G649=VAL G650=asp:2.24 ms
Computing Complex:
Running until leaf is found...
[LEAF_CREATED] conf=17    5     14    8     27    7     pairwise=-40.271336 correction=-39.675215 rigid=-36.430611 gscore=-39.675215
MARK* expanded:        60, queued:         0, scored/sec:80488, partial minimizations:    0, time:3.56 ms, delta:1.00000000000 heapMem:4.2% of 8.0 GiB, 1.4 GiB alloc, extMem:0 B
[LEAF_CREATED] conf=17    6     14    8     27    7     pairwise=-35.565494 correction=-34.969374 rigid=-33.337740 gscore=-34.969374
[LEAF_CREATED] conf=17    7     14    8     27    7     pairwise=-45.002611 correction=-44.406491 rigid=-44.228004 gscore=-44.406491
Found a leaf!
========== MARK* After runUntilNonZero ==========
  epsilonBound:     0.9999904959351255
  targetEpsilon:    0.99
  lower bound:      244599186161695259438174131840808.1148362089776433609560875075546747345673042475746628727141980662
  upper bound:      25736270679112945864277046138670100425.2468732660823455494482330208183035210208503954612624016028051684
  Will enter while loop? true
==================================================
Current overall error bound: 0.9999904959, spread of [2.445992e+32, 2.573627e+37]
Z Comparison: 2.573594e+37, 8.589351e+31
Processing 55 internal nodes...
Loop complete. Bounds are now [3.169597e+32,1.331848e+35]
Current overall error bound: 0.9976201514, spread of [3.169597e+32, 1.331848e+35]
Z Comparison: 1.311999e+35, 1.171086e+33
Processing 508 internal nodes...
Loop complete. Bounds are now [3.240611e+32,3.073337e+33]
Computation for G648=glu G649=VAL G650=asp:59.94 ms
Computing Protein:
Running until leaf is found...
[LEAF_CREATED] conf=17    12    0     8     pairwise=5.113604 correction=5.113604 rigid=11.827964 gscore=5.113604
MARK* expanded:        23, queued:         0, scored/sec:17073, partial minimizations:    0, time:1.29 ms, delta:1.00000000000 heapMem:4.2% of 8.0 GiB, 1.4 GiB alloc, extMem:0 B
[LEAF_CREATED] conf=17    12    1     8     pairwise=13.137883 correction=13.137883 rigid=37.710525 gscore=13.137883
[LEAF_CREATED] conf=17    12    2     8     pairwise=1.013211 correction=1.013211 rigid=12.314051 gscore=1.013211
[LEAF_CREATED] conf=17    12    3     8     pairwise=-1.238650 correction=-1.238650 rigid=0.492262 gscore=-1.238650
[LEAF_CREATED] conf=17    12    4     8     pairwise=-0.023353 correction=-0.023353 rigid=2.083924 gscore=-0.023353
[LEAF_CREATED] conf=17    12    14    8     pairwise=-1.413964 correction=-1.413964 rigid=0.411486 gscore=-1.413964
Found a leaf!
========== MARK* After runUntilNonZero ==========
  epsilonBound:     0.9994972847496989
  targetEpsilon:    0.99
  lower bound:      0.9654575416004995250530761844931801343857041735722111226457468179
  upper bound:      1920.4858834542352160398454033932197423014771242263729167179837901034
  Will enter while loop? true
==================================================
Current overall error bound: 0.9994972847, spread of [9.654575e-01, 1.920486e+03]
Z Comparison: 1.900340e+03, 1.035098e+01
Processing 20 internal nodes...
Loop complete. Bounds are now [1.221160e+00,3.643359e+01]
Computation for G648=glu G649=LEU G650=asp:5.76 ms
Computing Ligand:
Running until leaf is found...
[LEAF_CREATED] conf=27    0     pairwise=-9.472015 correction=-9.472015 rigid=46.402805 gscore=-9.472015
MARK* expanded:        28, queued:         0, scored/sec:176913, partial minimizations:    0, time:1.04 ms, delta:1.00000000000 heapMem:4.2% of 8.0 GiB, 1.4 GiB alloc, extMem:0 B
[LEAF_CREATED] conf=27    1     pairwise=-23.209044 correction=-23.209044 rigid=-22.716596 gscore=-23.209044
[LEAF_CREATED] conf=27    2     pairwise=155.835000 correction=155.835000 rigid=703.161429 gscore=155.835000
[LEAF_CREATED] conf=27    3     pairwise=420.623355 correction=420.623355 rigid=76633.759931 gscore=420.623355
[LEAF_CREATED] conf=27    4     pairwise=-23.719703 correction=-23.719703 rigid=-20.844801 gscore=-23.719703
[LEAF_CREATED] conf=27    5     pairwise=-22.914355 correction=-22.914355 rigid=-16.606818 gscore=-22.914355
[LEAF_CREATED] conf=27    6     pairwise=-0.412639 correction=-0.412639 rigid=36.189417 gscore=-0.412639
[LEAF_CREATED] conf=27    7     pairwise=-27.149192 correction=-27.149192 rigid=-27.497800 gscore=-27.497800
Found a leaf!
========== MARK* After runUntilNonZero ==========
  epsilonBound:     0.7780760244337693
  targetEpsilon:    0.99
  lower bound:      76170412660132216535.7928952506783804085304777238216097066896595487954210471339895064
  upper bound:      343227506022214430681.3074730922252533977746372880348328663304031374966106388943564431
  Will enter while loop? false
==================================================
Computation for G648=glu G649=LEU G650=asp:2.50 ms
Computing Complex:
Running until leaf is found...
[LEAF_CREATED] conf=0     12    14    8     27    7     pairwise=-39.776611 correction=-39.776611 rigid=-32.626481 gscore=-39.776611
MARK* expanded:        56, queued:         0, scored/sec:69635, partial minimizations:    0, time:3.69 ms, delta:1.00000000000 heapMem:4.2% of 8.0 GiB, 1.4 GiB alloc, extMem:0 B
[LEAF_CREATED] conf=1     12    14    8     27    7     pairwise=-17.306328 correction=-17.306328 rigid=7.649035 gscore=-17.306328
[LEAF_CREATED] conf=2     12    14    8     27    7     pairwise=-41.011959 correction=-41.011959 rigid=-36.125850 gscore=-41.011959
[LEAF_CREATED] conf=3     12    14    8     27    7     pairwise=-42.603909 correction=-42.603909 rigid=-40.001532 gscore=-42.603909
[LEAF_CREATED] conf=4     12    14    8     27    7     pairwise=-40.554605 correction=-40.554605 rigid=-32.850127 gscore=-40.554605
[LEAF_CREATED] conf=5     12    14    8     27    7     pairwise=-39.656508 correction=-39.656508 rigid=-35.874412 gscore=-39.656508
[LEAF_CREATED] conf=6     12    14    8     27    7     pairwise=-42.942077 correction=-42.942077 rigid=-40.493751 gscore=-42.942077
[LEAF_CREATED] conf=7     12    14    8     27    7     pairwise=-42.344488 correction=-42.344488 rigid=-39.451737 gscore=-42.344488
[LEAF_CREATED] conf=17    12    14    8     27    7     pairwise=-44.151400 correction=-43.555280 rigid=-41.951770 gscore=-43.555280
Found a leaf!
========== MARK* After runUntilNonZero ==========
  epsilonBound:     0.9999997894245551
  targetEpsilon:    0.99
  lower bound:      5992268803985404329270262584413.9570603286538198999591180054710784836425320207498649576338964316
  upper bound:      28456636085215243466785672494586719150.5368552144228702744029013425320305464635315803619351549418015913
  Will enter while loop? true
==================================================
Current overall error bound: 0.9999997894, spread of [5.992269e+30, 2.845664e+37]
Z Comparison: 2.845650e+37, 7.340397e+31
Processing 51 internal nodes...
[LEAF_CREATED] conf=0     12    14    8     12    7     pairwise=-37.839494 correction=-37.839494 rigid=-29.548533 gscore=-37.839494
[LEAF_CREATED] conf=0     12    14    8     11    7     pairwise=-39.967318 correction=-39.967318 rigid=-31.517490 gscore=-39.967318
[LEAF_CREATED] conf=0     12    14    8     9     7     pairwise=-38.581170 correction=-38.581170 rigid=-29.019233 gscore=-38.581170
Loop complete. Bounds are now [6.999832e+30,1.777966e+35]
Current overall error bound: 0.9999606301, spread of [6.999832e+30, 1.777966e+35]
Z Comparison: 1.772222e+35, 2.937578e+32
Processing 456 internal nodes...
Loop complete. Bounds are now [7.006345e+30,1.397232e+33]
Current overall error bound: 0.9949855537, spread of [7.006345e+30, 1.397232e+33]
Z Comparison: 7.934324e+32, 2.937578e+32
Processing 1000 internal nodes...
Loop complete. Bounds are now [7.008090e+30,6.171324e+32]
Computation for G648=glu G649=LEU G650=asp:143.58 ms
Computing Protein:
Running until leaf is found...
[LEAF_CREATED] conf=8     13    14    8     pairwise=-6.382528 correction=-6.382528 rigid=-5.514436 gscore=-6.382528
MARK* expanded:        20, queued:         0, scored/sec:85799, partial minimizations:    0, time:635.09 us, delta:1.00000000000 heapMem:4.2% of 8.0 GiB, 1.4 GiB alloc, extMem:0 B
Found a leaf!
========== MARK* After runUntilNonZero ==========
  epsilonBound:     0.9511715429735853
  targetEpsilon:    0.99
  lower bound:      16823.2723779778856866706455056076048283667820672246110186370051277369
  upper bound:      344538.2754748328197357252045921622397079480693418983603631019448445418
  Will enter while loop? false
==================================================
Computation for G648=ALA G649=phe G650=asp:1.04 ms
Computing Ligand:
Running until leaf is found...
[LEAF_CREATED] conf=27    0     pairwise=-9.472015 correction=-9.472015 rigid=46.402805 gscore=-9.472015
MARK* expanded:        28, queued:         0, scored/sec:353969, partial minimizations:    0, time:546.54 us, delta:1.00000000000 heapMem:4.2% of 8.0 GiB, 1.4 GiB alloc, extMem:0 B
[LEAF_CREATED] conf=27    1     pairwise=-23.209044 correction=-23.209044 rigid=-22.716596 gscore=-23.209044
[LEAF_CREATED] conf=27    2     pairwise=155.835000 correction=155.835000 rigid=703.161429 gscore=155.835000
[LEAF_CREATED] conf=27    3     pairwise=420.623355 correction=420.623355 rigid=76633.759931 gscore=420.623355
[LEAF_CREATED] conf=27    4     pairwise=-23.719703 correction=-23.719703 rigid=-20.844801 gscore=-23.719703
[LEAF_CREATED] conf=27    5     pairwise=-22.914355 correction=-22.914355 rigid=-16.606818 gscore=-22.914355
[LEAF_CREATED] conf=27    6     pairwise=-0.412639 correction=-0.412639 rigid=36.189417 gscore=-0.412639
[LEAF_CREATED] conf=27    7     pairwise=-27.149192 correction=-27.149192 rigid=-27.497800 gscore=-27.497800
Found a leaf!
========== MARK* After runUntilNonZero ==========
  epsilonBound:     0.7780760244337693
  targetEpsilon:    0.99
  lower bound:      76170412660132216535.7928952506783804085304777238216097066896595487954210471339895064
  upper bound:      343227506022214430681.3074730922252533977746372880348328663304031374966106388943564431
  Will enter while loop? false
==================================================
Computation for G648=ALA G649=phe G650=asp:1.30 ms
Computing Complex:
Running until leaf is found...
[LEAF_CREATED] conf=8     13    14    8     27    7     pairwise=-54.455387 correction=-53.319738 rigid=-52.693781 gscore=-53.319738
MARK* expanded:        56, queued:         0, scored/sec:143400, partial minimizations:    0, time:2.05 ms, delta:1.00000000000 heapMem:4.2% of 8.0 GiB, 1.4 GiB alloc, extMem:0 B
Found a leaf!
========== MARK* After runUntilNonZero ==========
  epsilonBound:     0.9999751386869585
  targetEpsilon:    0.99
  lower bound:      387265852428598652380638023203402730883.3126810089160845863107188233780724463248147254461280124507050439
  upper bound:      15577047430379076652645562379137777864362547.2524778336626433526083867962309046681906255940431672149637202643
  Will enter while loop? true
==================================================
Current overall error bound: 0.9999751387, spread of [3.872659e+38, 1.557705e+43]
Z Comparison: 1.557593e+43, 7.254759e+38
Processing 51 internal nodes...
[LEAF_CREATED] conf=8     13    14    8     9     7     pairwise=-53.067330 correction=-53.067330 rigid=-46.136954 gscore=-53.067330
[LEAF_CREATED] conf=8     13    14    8     12    7     pairwise=-52.305807 correction=-52.305807 rigid=-49.450591 gscore=-52.305807
[LEAF_CREATED] conf=8     13    14    8     10    7     pairwise=-52.426005 correction=-52.426005 rigid=-46.621429 gscore=-52.426005
[LEAF_CREATED] conf=8     13    14    8     8     7     pairwise=-51.803655 correction=-51.803655 rigid=-46.837614 gscore=-51.803655
[LEAF_CREATED] conf=8     13    14    8     13    7     pairwise=-51.808339 correction=-51.808339 rigid=-34.484379 gscore=-51.808339
[LEAF_CREATED] conf=8     13    14    8     11    7     pairwise=-54.302639 correction=-54.302639 rigid=-51.377725 gscore=-54.302639
Loop complete. Bounds are now [4.334378e+38,8.447395e+40]
Current overall error bound: 0.9948689765, spread of [4.334378e+38, 8.447395e+40]
Z Comparison: 7.616765e+40, 5.794706e+39
Processing 464 internal nodes...
Loop complete. Bounds are now [4.337391e+38,9.291013e+39]
Computation for G648=ALA G649=phe G650=asp:38.61 ms
Computing Protein:
Running until leaf is found...
[LEAF_CREATED] conf=9     13    14    8     pairwise=-1.809462 correction=-1.809462 rigid=1.900368 gscore=-1.809462
MARK* expanded:        20, queued:         0, scored/sec:77259, partial minimizations:    0, time:1.01 ms, delta:1.00000000000 heapMem:4.2% of 8.0 GiB, 1.4 GiB alloc, extMem:0 B
[LEAF_CREATED] conf=10    13    14    8     pairwise=-6.847382 correction=-6.847382 rigid=-5.958602 gscore=-6.847382
[LEAF_CREATED] conf=11    13    14    8     pairwise=-3.418483 correction=-3.418483 rigid=0.656478 gscore=-3.418483
Found a leaf!
========== MARK* After runUntilNonZero ==========
  epsilonBound:     0.9888160219370176
  targetEpsilon:    0.99
  lower bound:      23095.6888323813096440928251708460350470304795407472562884626910708108
  upper bound:      2065069.2179757602582521557563033996195117249805308983060190233798541922
  Will enter while loop? false
==================================================
Computation for G648=VAL G649=phe G650=asp:1.87 ms
Computing Ligand:
Running until leaf is found...
[LEAF_CREATED] conf=27    0     pairwise=-9.472015 correction=-9.472015 rigid=46.402805 gscore=-9.472015
MARK* expanded:        28, queued:         0, scored/sec:214189, partial minimizations:    0, time:835.03 us, delta:1.00000000000 heapMem:4.2% of 8.0 GiB, 1.4 GiB alloc, extMem:0 B
[LEAF_CREATED] conf=27    1     pairwise=-23.209044 correction=-23.209044 rigid=-22.716596 gscore=-23.209044
[LEAF_CREATED] conf=27    2     pairwise=155.835000 correction=155.835000 rigid=703.161429 gscore=155.835000
[LEAF_CREATED] conf=27    3     pairwise=420.623355 correction=420.623355 rigid=76633.759931 gscore=420.623355
[LEAF_CREATED] conf=27    4     pairwise=-23.719703 correction=-23.719703 rigid=-20.844801 gscore=-23.719703
[LEAF_CREATED] conf=27    5     pairwise=-22.914355 correction=-22.914355 rigid=-16.606818 gscore=-22.914355
[LEAF_CREATED] conf=27    6     pairwise=-0.412639 correction=-0.412639 rigid=36.189417 gscore=-0.412639
[LEAF_CREATED] conf=27    7     pairwise=-27.149192 correction=-27.149192 rigid=-27.497800 gscore=-27.497800
Found a leaf!
========== MARK* After runUntilNonZero ==========
  epsilonBound:     0.7780760244337693
  targetEpsilon:    0.99
  lower bound:      76170412660132216535.7928952506783804085304777238216097066896595487954210471339895064
  upper bound:      343227506022214430681.3074730922252533977746372880348328663304031374966106388943564431
  Will enter while loop? false
==================================================
Computation for G648=VAL G649=phe G650=asp:2.02 ms
Computing Complex:
Running until leaf is found...
[LEAF_CREATED] conf=9     13    14    8     27    7     pairwise=-50.163473 correction=-49.027824 rigid=-45.584335 gscore=-49.027824
MARK* expanded:        56, queued:         0, scored/sec:80917, partial minimizations:    0, time:3.54 ms, delta:1.00000000000 heapMem:4.2% of 8.0 GiB, 1.4 GiB alloc, extMem:0 B
[LEAF_CREATED] conf=10    13    14    8     27    7     pairwise=-55.271841 correction=-54.136192 rigid=-53.484388 gscore=-54.136192
[LEAF_CREATED] conf=11    13    14    8     27    7     pairwise=-51.669537 correction=-50.533889 rigid=-46.683221 gscore=-50.533889
Found a leaf!
========== MARK* After runUntilNonZero ==========
  epsilonBound:     0.9999920722403552
  targetEpsilon:    0.99
  lower bound:      1468822535991332494409810744954511207483.3438440987482694496544764073100696402650767914560029641453595093
  upper bound:      185275866297907477089816711040022338360547437.3887398140215032308804929086471735873064229769674633196274329570
  Will enter while loop? true
==================================================
Current overall error bound: 0.9999920722, spread of [1.468823e+39, 1.852759e+44]
Z Comparison: 1.852714e+44, 2.939630e+39
Processing 51 internal nodes...
[LEAF_CREATED] conf=9     13    14    8     12    7     pairwise=-48.014346 correction=-48.014346 rigid=-42.342126 gscore=-48.014346
[LEAF_CREATED] conf=9     13    14    8     10    7     pairwise=-48.134268 correction=-48.134268 rigid=-39.511695 gscore=-48.134268
[LEAF_CREATED] conf=10    13    14    8     12    7     pairwise=-53.122697 correction=-53.122697 rigid=-50.242168 gscore=-53.122697
[LEAF_CREATED] conf=9     13    14    8     8     7     pairwise=-47.514429 correction=-47.514429 rigid=-39.731873 gscore=-47.514429
[LEAF_CREATED] conf=11    13    14    8     12    7     pairwise=-49.520471 correction=-49.520471 rigid=-43.441042 gscore=-49.520471
[LEAF_CREATED] conf=10    13    14    8     8     7     pairwise=-52.622864 correction=-52.622864 rigid=-47.632096 gscore=-52.622864
[LEAF_CREATED] conf=9     13    14    8     11    7     pairwise=-50.010919 correction=-50.010919 rigid=-44.269051 gscore=-50.010919
[LEAF_CREATED] conf=9     13    14    8     13    7     pairwise=-47.516514 correction=-47.516514 rigid=-27.375085 gscore=-47.516514
Loop complete. Bounds are now [1.635083e+39,9.392127e+41]
Current overall error bound: 0.9982590913, spread of [1.635083e+39, 9.392127e+41]
Z Comparison: 9.062101e+41, 2.297073e+40
Processing 464 internal nodes...
Loop complete. Bounds are now [1.644147e+39,4.069036e+40]
Computation for G648=VAL G649=phe G650=asp:51.75 ms
Computing Protein:
Running until leaf is found...
[LEAF_CREATED] conf=16    13    0     8     pairwise=0.222396 correction=0.222396 rigid=6.296539 gscore=0.222396
MARK* expanded:        19, queued:         0, scored/sec:54058, partial minimizations:    0, time:1.06 ms, delta:1.00000000000 heapMem:4.2% of 8.0 GiB, 1.4 GiB alloc, extMem:0 B
[LEAF_CREATED] conf=16    13    1     8     pairwise=8.254783 correction=8.254783 rigid=32.192302 gscore=8.254783
[LEAF_CREATED] conf=16    13    2     8     pairwise=-3.755572 correction=-3.755572 rigid=6.940180 gscore=-3.755572
[LEAF_CREATED] conf=16    13    3     8     pairwise=-6.002122 correction=-6.002122 rigid=-4.885954 gscore=-6.002122
[LEAF_CREATED] conf=16    13    4     8     pairwise=-5.044721 correction=-5.044721 rigid=-3.622321 gscore=-5.044721
[LEAF_CREATED] conf=16    13    14    8     pairwise=-6.450619 correction=-6.450619 rigid=-5.302666 gscore=-6.450619
Found a leaf!
========== MARK* After runUntilNonZero ==========
  epsilonBound:     0.9992451457283202
  targetEpsilon:    0.99
  lower bound:      11875.4476846778272851500120995411606236504285125135368018801700236066
  upper bound:      15732106.3551130976080332729549929114352661456273097033745139212128138289
  Will enter while loop? true
==================================================
Current overall error bound: 0.9992451457, spread of [1.187545e+04, 1.573211e+07]
Z Comparison: 1.564880e+07, 4.530415e+04
Processing 16 internal nodes...
[LEAF_CREATED] conf=14    13    0     8     pairwise=-0.588315 correction=-0.588315 rigid=5.410074 gscore=-0.588315
[LEAF_CREATED] conf=13    13    0     8     pairwise=-0.307282 correction=-0.307282 rigid=5.407592 gscore=-0.307282
[LEAF_CREATED] conf=16    13    0     0     pairwise=2.041678 correction=2.041678 rigid=8.630072 gscore=2.041678
[LEAF_CREATED] conf=16    0     0     8     pairwise=0.500903 correction=0.500903 rigid=6.481455 gscore=0.500903
[LEAF_CREATED] conf=15    13    0     8     pairwise=0.265991 correction=0.265991 rigid=7.115402 gscore=0.265991
Loop complete. Bounds are now [1.366658e+05,3.322709e+06]
Computation for G648=LEU G649=phe G650=asp:4.39 ms
Computing Ligand:
Running until leaf is found...
[LEAF_CREATED] conf=27    0     pairwise=-9.472015 correction=-9.472015 rigid=46.402805 gscore=-9.472015
MARK* expanded:        28, queued:         0, scored/sec:190155, partial minimizations:    0, time:913.83 us, delta:1.00000000000 heapMem:4.2% of 8.0 GiB, 1.4 GiB alloc, extMem:0 B
[LEAF_CREATED] conf=27    1     pairwise=-23.209044 correction=-23.209044 rigid=-22.716596 gscore=-23.209044
[LEAF_CREATED] conf=27    2     pairwise=155.835000 correction=155.835000 rigid=703.161429 gscore=155.835000
[LEAF_CREATED] conf=27    3     pairwise=420.623355 correction=420.623355 rigid=76633.759931 gscore=420.623355
[LEAF_CREATED] conf=27    4     pairwise=-23.719703 correction=-23.719703 rigid=-20.844801 gscore=-23.719703
[LEAF_CREATED] conf=27    5     pairwise=-22.914355 correction=-22.914355 rigid=-16.606818 gscore=-22.914355
[LEAF_CREATED] conf=27    6     pairwise=-0.412639 correction=-0.412639 rigid=36.189417 gscore=-0.412639
[LEAF_CREATED] conf=27    7     pairwise=-27.149192 correction=-27.149192 rigid=-27.497800 gscore=-27.497800
Found a leaf!
========== MARK* After runUntilNonZero ==========
  epsilonBound:     0.7780760244337693
  targetEpsilon:    0.99
  lower bound:      76170412660132216535.7928952506783804085304777238216097066896595487954210471339895064
  upper bound:      343227506022214430681.3074730922252533977746372880348328663304031374966106388943564431
  Will enter while loop? false
==================================================
Computation for G648=LEU G649=phe G650=asp:2.13 ms
Computing Complex:
Running until leaf is found...
[LEAF_CREATED] conf=16    0     14    8     27    7     pairwise=-50.761852 correction=-50.761852 rigid=-41.038617 gscore=-50.761852
MARK* expanded:        56, queued:         0, scored/sec:76844, partial minimizations:    0, time:3.78 ms, delta:1.00000000000 heapMem:4.2% of 8.0 GiB, 1.4 GiB alloc, extMem:0 B
[LEAF_CREATED] conf=16    1     14    8     27    7     pairwise=-12.496926 correction=-12.496926 rigid=6080.468500 gscore=-12.496926
[LEAF_CREATED] conf=16    2     14    8     27    7     pairwise=-48.077935 correction=-48.077935 rigid=-46.751141 gscore=-48.077935
[LEAF_CREATED] conf=16    3     14    8     27    7     pairwise=-43.821114 correction=-43.821114 rigid=-5.659513 gscore=-43.821114
[LEAF_CREATED] conf=16    13    14    8     27    7     pairwise=-54.985128 correction=-53.849479 rigid=-52.991198 gscore=-53.849479
Found a leaf!
========== MARK* After runUntilNonZero ==========
  epsilonBound:     0.9999992982111332
  targetEpsilon:    0.99
  lower bound:      639454503339033486512690946871875590968.5551438462657752318565530907151903283183589549195082299238590272
  upper bound:      911177896356423180911559309941286318018116788.3488395925070904032331874787995623752191888718435309418382800580
  Will enter while loop? true
==================================================
Current overall error bound: 0.9999992982, spread of [6.394545e+38, 9.111779e+44]
Z Comparison: 9.111752e+44, 2.079022e+39
Processing 51 internal nodes...
Loop complete. Bounds are now [3.718424e+39,5.022567e+42]
Current overall error bound: 0.9992596568, spread of [3.718424e+39, 5.022567e+42]
Z Comparison: 4.985827e+42, 1.420074e+40
Processing 464 internal nodes...
Loop complete. Bounds are now [4.080374e+39,2.106999e+41]
Computation for G648=LEU G649=phe G650=asp:100.29 ms

Results:
  Runtime: 6.01 s
  Best sequence: G648=glu G649=phe G650=asp
  K* score: 14.303126 in [11.651109,16.074294] (log10)

=== Test 2: Phase 1+2 (DP + Subtree Caching) ===
[Phase 2] TRUE Subtree DOF Cache initialized
[Phase 2] Branch decomposition: BranchDecomposition[nodes=3, leaves=2, internal=1, branchWidth=2]
Configuration (Phase1+2-6pos):
  Flexible positions: 6
  Algorithm: DP
  DP optimizations: ON

Calculating reference energies for 56 residue confs...
Progress:  100.0%   ETA: 0 ns
Finished in 10.2 ms
Calculating reference energies for 56 residue confs...
[CachedMinimizer DEBUG #1] Skipping cache - fragment detected:
[CachedMinimizer DEBUG #1] Skipping cache - fragment detected:
[CachedMinimizer DEBUG #3] Skipping cache - fragment detected:
[CachedMinimizer DEBUG #2] Skipping cache - fragment detected:
  conf.size()=1 < 3 (threshold for full conformation)
  conf.size()=1 < 3 (threshold for full conformation)
  conf.size()=1 < 3 (threshold for full conformation)
  conf.size()=1 < 3 (threshold for full conformation)
[CachedMinimizer DEBUG #4] Skipping cache - fragment detected:
[CachedMinimizer DEBUG #4] Skipping cache - fragment detected:
  conf.size()=1 < 3 (threshold for full conformation)
  conf.size()=1 < 3 (threshold for full conformation)
[CachedMinimizer DEBUG #5] Skipping cache - fragment detected:
  conf.size()=1 < 3 (threshold for full conformation)
[CachedMinimizer DEBUG #1] Skipping cache - fragment detected:
  conf.size()=1 < 3 (threshold for full conformation)
Progress:  100.0%   ETA: 0 ns
Finished in 3.4 ms
Calculating reference energies for 36 residue confs...
Progress:  100.0%   ETA: 0 ns
Finished in 6.6 ms
Calculating reference energies for 36 residue confs...
Progress:  100.0%   ETA: 0 ns
Finished in 5.5 ms
Calculating reference energies for 92 residue confs...
Progress:  100.0%   ETA: 0 ns
Finished in 21.4 ms
Calculating reference energies for 92 residue confs...
Progress:  100.0%   ETA: 0 ns
Finished in 8.3 ms
Pre-calculating energy matrices...
Calculating energy matrix with 1211 entries
Progress:  100.0%   ETA: 0 ns
Finished in 32.5 ms
Calculating energy matrix with 1211 entries
Progress:  100.0%   ETA: 0 ns
Finished in 178.7 ms
Calculating energy matrix with 260 entries
Progress:  100.0%   ETA: 0 ns
Finished in 31.5 ms
Calculating energy matrix with 260 entries
Progress:  100.0%   ETA: 0 ns
Finished in 362.0 ms
Calculating energy matrix with 3487 entries
Progress:  100.0%   ETA: 0 ns
Finished in 151.8 ms
Calculating energy matrix with 3487 entries
Progress:  100.0%   ETA: 3.0 ms
Finished in 724.9 ms
Running MARK*...
Calculating energy matrix with 1211 entries
Progress:  100.0%   ETA: 0 ns
Finished in 22.4 ms
Calculating energy matrix with 1211 entries
Progress:  100.0%   ETA: 0 ns
Finished in 141.9 ms
Calculating energy matrix with 260 entries
Progress:  100.0%   ETA: 0 ns
Finished in 61.8 ms
Calculating energy matrix with 260 entries
Progress:  100.0%   ETA: 0 ns
Finished in 332.7 ms
Calculating energy matrix with 3487 entries
Progress:  100.0%   ETA: 0 ns
Finished in 122.6 ms
Calculating energy matrix with 3487 entries
Progress:  100.0%   ETA: 0 ns
Finished in 675.1 ms
computing K* scores for 10 sequences to epsilon = 0.99 ...
Computing Protein:
Running until leaf is found...
[LEAF_CREATED] conf=17    13    0     8     pairwise=1.261529 correction=1.261529 rigid=7.110824 gscore=1.261529
MARK* expanded:        23, queued:         0, scored/sec:100241, partial minimizations:    0, time:853.09 us, delta:1.00000000000 heapMem:4.2% of 8.0 GiB, 1.4 GiB alloc, extMem:0 B
[LEAF_CREATED] conf=17    13    1     8     pairwise=9.290411 correction=9.290411 rigid=33.005874 gscore=9.290411
[LEAF_CREATED] conf=17    13    2     8     pairwise=-2.788934 correction=-2.788934 rigid=7.658108 gscore=-2.788934
[LEAF_CREATED] conf=17    13    3     8     pairwise=-5.034747 correction=-5.034747 rigid=-4.164665 gscore=-5.034747
[LEAF_CREATED] conf=17    13    4     8     pairwise=-3.835504 correction=-3.835504 rigid=-2.597706 gscore=-3.835504
[LEAF_CREATED] conf=17    13    14    8     pairwise=-5.257080 correction=-5.257080 rigid=-4.279690 gscore=-5.257080
Found a leaf!
========== MARK* After runUntilNonZero ==========
  epsilonBound:     0.989958951429228
  targetEpsilon:    0.99
  lower bound:      2562.9740483945140156315549427048667772713119292698576457816985843266
  upper bound:      255249.6415419151738234003414697209604486949062743905992558696949356691
  Will enter while loop? false
==================================================
Computation for G648=glu G649=phe G650=asp:2.10 ms
Computing Ligand:
Running until leaf is found...
[LEAF_CREATED] conf=27    0     pairwise=-9.472015 correction=-9.472015 rigid=46.402805 gscore=-9.472015
MARK* expanded:        28, queued:         0, scored/sec:361465, partial minimizations:    0, time:570.37 us, delta:1.00000000000 heapMem:4.2% of 8.0 GiB, 1.4 GiB alloc, extMem:0 B
[LEAF_CREATED] conf=27    1     pairwise=-23.209044 correction=-23.209044 rigid=-22.716596 gscore=-23.209044
[LEAF_CREATED] conf=27    2     pairwise=155.835000 correction=155.835000 rigid=703.161429 gscore=155.835000
[LEAF_CREATED] conf=27    3     pairwise=420.623355 correction=420.623355 rigid=76633.759931 gscore=420.623355
[LEAF_CREATED] conf=27    4     pairwise=-23.719703 correction=-23.719703 rigid=-20.844801 gscore=-23.719703
[LEAF_CREATED] conf=27    5     pairwise=-22.914355 correction=-22.914355 rigid=-16.606818 gscore=-22.914355
[LEAF_CREATED] conf=27    6     pairwise=-0.412639 correction=-0.412639 rigid=36.189417 gscore=-0.412639
[LEAF_CREATED] conf=27    7     pairwise=-27.149192 correction=-27.149192 rigid=-27.497800 gscore=-27.497800
Found a leaf!
========== MARK* After runUntilNonZero ==========
  epsilonBound:     0.7780760244337693
  targetEpsilon:    0.99
  lower bound:      76170412660132216535.7928952506783804085304777238216097066896595487954210471339895064
  upper bound:      343227506022214430681.3074730922252533977746372880348328663304031374966106388943564431
  Will enter while loop? false
==================================================
Computation for G648=glu G649=phe G650=asp:1.59 ms
Computing Complex:
Running until leaf is found...
[LEAF_CREATED] conf=0     13    14    8     27    7     pairwise=-48.629001 correction=-48.629001 rigid=-41.816134 gscore=-48.629001
MARK* expanded:        56, queued:         0, scored/sec:176952, partial minimizations:    0, time:1.66 ms, delta:1.00000000000 heapMem:4.2% of 8.0 GiB, 1.4 GiB alloc, extMem:0 B
[LEAF_CREATED] conf=1     13    14    8     27    7     pairwise=-26.155758 correction=-26.155758 rigid=-1.537748 gscore=-26.155758
[LEAF_CREATED] conf=2     13    14    8     27    7     pairwise=-49.885722 correction=-49.885722 rigid=-45.331300 gscore=-49.885722
[LEAF_CREATED] conf=3     13    14    8     27    7     pairwise=-51.504260 correction=-51.504260 rigid=-49.239877 gscore=-51.504260
[LEAF_CREATED] conf=4     13    14    8     27    7     pairwise=-49.441416 correction=-49.441416 rigid=-42.089400 gscore=-49.441416
[LEAF_CREATED] conf=5     13    14    8     27    7     pairwise=-48.571521 correction=-48.571521 rigid=-45.133464 gscore=-48.571521
[LEAF_CREATED] conf=6     13    14    8     27    7     pairwise=-51.849530 correction=-51.849530 rigid=-49.731837 gscore=-51.849530
[LEAF_CREATED] conf=7     13    14    8     27    7     pairwise=-51.225383 correction=-51.225383 rigid=-48.668841 gscore=-51.225383
[LEAF_CREATED] conf=17    13    14    8     27    7     pairwise=-53.054011 correction=-53.054011 rigid=-51.189920 gscore=-53.054011
Found a leaf!
========== MARK* After runUntilNonZero ==========
  epsilonBound:     0.9999975303952476
  targetEpsilon:    0.99
  lower bound:      34878072859988912605788305517940065479.8129418126081847072052209222805069030735747209101072658140259725
  upper bound:      14122937213652720644735518277397516713221189.3553398712144416683423879237850640843487304893475971078291316965
  Will enter while loop? true
==================================================
Current overall error bound: 0.9999975304, spread of [3.487807e+37, 1.412294e+43]
Z Comparison: 1.412204e+43, 6.802102e+38
Processing 51 internal nodes...
[LEAF_CREATED] conf=0     13    14    8     11    7     pairwise=-48.516325 correction=-48.516325 rigid=-40.531447 gscore=-48.516325
[LEAF_CREATED] conf=0     13    14    8     12    7     pairwise=-46.511513 correction=-46.511513 rigid=-38.600344 gscore=-46.511513
Loop complete. Bounds are now [3.901787e+37,7.082954e+40]
Current overall error bound: 0.9994491300, spread of [3.901787e+37, 7.082954e+40]
Z Comparison: 6.901969e+40, 6.802102e+38
Processing 464 internal nodes...
Loop complete. Bounds are now [3.923342e+37,2.316461e+39]
Computation for G648=glu G649=phe G650=asp:35.89 ms
Computing Protein:
Running until leaf is found...
[LEAF_CREATED] conf=17    13    5     8     pairwise=-7.585973 correction=-7.585973 rigid=-6.895784 gscore=-7.585973
MARK* expanded:        23, queued:         0, scored/sec:198632, partial minimizations:    0, time:565.75 us, delta:1.00000000000 heapMem:4.2% of 8.0 GiB, 1.4 GiB alloc, extMem:0 B
Found a leaf!
========== MARK* After runUntilNonZero ==========
  epsilonBound:     0.9282230563629481
  targetEpsilon:    0.99
  lower bound:      199304.9542313832711500436224125416131558486264662566639630307681503964
  upper bound:      2776726.6775692051845378488098368223321176607839079762240077312975953984
  Will enter while loop? false
==================================================
Computation for G648=glu G649=phe G650=ALA:894.45 us
Computing Ligand:
Running until leaf is found...
[LEAF_CREATED] conf=27    0     pairwise=-9.472015 correction=-9.472015 rigid=46.402805 gscore=-9.472015
MARK* expanded:        28, queued:         0, scored/sec:406386, partial minimizations:    0, time:462.54 us, delta:1.00000000000 heapMem:4.2% of 8.0 GiB, 1.4 GiB alloc, extMem:0 B
[LEAF_CREATED] conf=27    1     pairwise=-23.209044 correction=-23.209044 rigid=-22.716596 gscore=-23.209044
[LEAF_CREATED] conf=27    2     pairwise=155.835000 correction=155.835000 rigid=703.161429 gscore=155.835000
[LEAF_CREATED] conf=27    3     pairwise=420.623355 correction=420.623355 rigid=76633.759931 gscore=420.623355
[LEAF_CREATED] conf=27    4     pairwise=-23.719703 correction=-23.719703 rigid=-20.844801 gscore=-23.719703
[LEAF_CREATED] conf=27    5     pairwise=-22.914355 correction=-22.914355 rigid=-16.606818 gscore=-22.914355
[LEAF_CREATED] conf=27    6     pairwise=-0.412639 correction=-0.412639 rigid=36.189417 gscore=-0.412639
[LEAF_CREATED] conf=27    7     pairwise=-27.149192 correction=-27.149192 rigid=-27.497800 gscore=-27.497800
Found a leaf!
========== MARK* After runUntilNonZero ==========
  epsilonBound:     0.7780760244337693
  targetEpsilon:    0.99
  lower bound:      76170412660132216535.7928952506783804085304777238216097066896595487954210471339895064
  upper bound:      343227506022214430681.3074730922252533977746372880348328663304031374966106388943564431
  Will enter while loop? false
==================================================
Computation for G648=glu G649=phe G650=ALA:1.19 ms
Computing Complex:
Running until leaf is found...
[LEAF_CREATED] conf=17    13    5     8     27    7     pairwise=-53.110197 correction=-53.110197 rigid=-51.620448 gscore=-53.110197
MARK* expanded:        59, queued:         0, scored/sec:182439, partial minimizations:    0, time:1.73 ms, delta:1.00000000000 heapMem:4.2% of 8.0 GiB, 1.4 GiB alloc, extMem:0 B
Found a leaf!
========== MARK* After runUntilNonZero ==========
  epsilonBound:     0.9999665943995957
  targetEpsilon:    0.99
  lower bound:      77555396054175969795427087843920274700.9131022436380246138290661511327556126624607181061493820964647477
  upper bound:      2321628562737160969426906940458704524880733.1195704594778698009334620748303411556676312672244220041772869474
  Will enter while loop? true
==================================================
Current overall error bound: 0.9999665944, spread of [7.755540e+37, 2.321629e+42]
Z Comparison: 2.320833e+42, 7.181382e+38
Processing 54 internal nodes...
[LEAF_CREATED] conf=17    13    5     8     10    7     pairwise=-51.099457 correction=-51.099457 rigid=-45.560463 gscore=-51.099457
[LEAF_CREATED] conf=17    13    5     8     9     7     pairwise=-51.627604 correction=-51.627604 rigid=-44.968094 gscore=-51.627604
[LEAF_CREATED] conf=17    13    5     8     11    7     pairwise=-52.937665 correction=-52.937665 rigid=-50.257388 gscore=-52.937665
Loop complete. Bounds are now [8.570316e+37,1.384478e+40]
Current overall error bound: 0.9938097137, spread of [8.570316e+37, 1.384478e+40]
Z Comparison: 1.203120e+40, 7.181382e+38
Processing 486 internal nodes...
Loop complete. Bounds are now [8.570889e+37,2.252045e+39]
Computation for G648=glu G649=phe G650=ALA:29.48 ms
Computing Protein:
Running until leaf is found...
[LEAF_CREATED] conf=17    13    6     8     pairwise=-6.451743 correction=-6.451743 rigid=-5.379923 gscore=-6.451743
MARK* expanded:        23, queued:         0, scored/sec:188304, partial minimizations:    0, time:577.07 us, delta:1.00000000000 heapMem:4.2% of 8.0 GiB, 1.4 GiB alloc, extMem:0 B
[LEAF_CREATED] conf=17    13    7     8     pairwise=-7.601105 correction=-7.601105 rigid=-6.606187 gscore=-7.601105
[LEAF_CREATED] conf=17    13    8     8     pairwise=-7.339270 correction=-7.339270 rigid=-6.176927 gscore=-7.339270
Found a leaf!
========== MARK* After runUntilNonZero ==========
  epsilonBound:     0.9837749793276837
  targetEpsilon:    0.99
  lower bound:      131694.3124540292991953343732859744755800525750634552842905137820485047
  upper bound:      8116742.3520593788431189151457585463841995963785607648036897295547681165
  Will enter while loop? false
==================================================
Computation for G648=glu G649=phe G650=VAL:1.10 ms
Computing Ligand:
Running until leaf is found...
[LEAF_CREATED] conf=27    0     pairwise=-9.472015 correction=-9.472015 rigid=46.402805 gscore=-9.472015
MARK* expanded:        28, queued:         0, scored/sec:222127, partial minimizations:    0, time:854.13 us, delta:1.00000000000 heapMem:4.2% of 8.0 GiB, 1.4 GiB alloc, extMem:0 B
[LEAF_CREATED] conf=27    1     pairwise=-23.209044 correction=-23.209044 rigid=-22.716596 gscore=-23.209044
[LEAF_CREATED] conf=27    2     pairwise=155.835000 correction=155.835000 rigid=703.161429 gscore=155.835000
[LEAF_CREATED] conf=27    3     pairwise=420.623355 correction=420.623355 rigid=76633.759931 gscore=420.623355
[LEAF_CREATED] conf=27    4     pairwise=-23.719703 correction=-23.719703 rigid=-20.844801 gscore=-23.719703
[LEAF_CREATED] conf=27    5     pairwise=-22.914355 correction=-22.914355 rigid=-16.606818 gscore=-22.914355
[LEAF_CREATED] conf=27    6     pairwise=-0.412639 correction=-0.412639 rigid=36.189417 gscore=-0.412639
[LEAF_CREATED] conf=27    7     pairwise=-27.149192 correction=-27.149192 rigid=-27.497800 gscore=-27.497800
Found a leaf!
========== MARK* After runUntilNonZero ==========
  epsilonBound:     0.7780760244337693
  targetEpsilon:    0.99
  lower bound:      76170412660132216535.7928952506783804085304777238216097066896595487954210471339895064
  upper bound:      343227506022214430681.3074730922252533977746372880348328663304031374966106388943564431
  Will enter while loop? false
==================================================
Computation for G648=glu G649=phe G650=VAL:1.83 ms
Computing Complex:
Running until leaf is found...
[LEAF_CREATED] conf=17    13    6     8     27    7     pairwise=-42.468877 correction=-42.468877 rigid=-36.918884 gscore=-42.468877
MARK* expanded:        59, queued:         0, scored/sec:99756, partial minimizations:    0, time:3.18 ms, delta:1.00000000000 heapMem:4.2% of 8.0 GiB, 1.4 GiB alloc, extMem:0 B
[LEAF_CREATED] conf=17    13    7     8     27    7     pairwise=-42.616930 correction=-42.616930 rigid=-36.140690 gscore=-42.616930
[LEAF_CREATED] conf=17    13    8     8     27    7     pairwise=-54.082832 correction=-54.082832 rigid=-51.878560 gscore=-54.082832
Found a leaf!
========== MARK* After runUntilNonZero ==========
  epsilonBound:     0.9999972797503219
  targetEpsilon:    0.99
  lower bound:      97950302371685556737696171510072897150.5585478587599748479603948962570609147540723474532542093983517390
  upper bound:      36007835295473982411799622573254883802829021.6121410624129593802012619841803783451421444433261213930654138904
  Will enter while loop? true
==================================================
Current overall error bound: 0.9999972798, spread of [9.795030e+37, 3.600784e+43]
Z Comparison: 3.600381e+43, 3.931157e+39
Processing 54 internal nodes...
[LEAF_CREATED] conf=17    13    6     8     11    7     pairwise=-42.298200 correction=-42.298200 rigid=-35.558348 gscore=-42.298200
[LEAF_CREATED] conf=17    13    6     8     8     7     pairwise=-39.830485 correction=-39.830485 rigid=-31.081442 gscore=-39.830485
[LEAF_CREATED] conf=17    13    6     8     10    7     pairwise=-40.456761 correction=-40.456761 rigid=-30.858043 gscore=-40.456761
[LEAF_CREATED] conf=17    13    6     8     12    7     pairwise=-40.337033 correction=-40.337033 rigid=-33.695792 gscore=-40.337033
Loop complete. Bounds are now [1.303072e+38,2.046646e+41]
Current overall error bound: 0.9993633134, spread of [1.303072e+38, 2.046646e+41]
Z Comparison: 1.952903e+41, 3.931157e+39
Processing 486 internal nodes...
Loop complete. Bounds are now [1.326547e+38,1.270288e+40]
Computation for G648=glu G649=phe G650=VAL:41.86 ms
Computing Protein:
Running until leaf is found...
[LEAF_CREATED] conf=17    13    9     8     pairwise=0.837742 correction=0.837742 rigid=68.871409 gscore=0.837742
MARK* expanded:        23, queued:         0, scored/sec:217501, partial minimizations:    0, time:522.01 us, delta:1.00000000000 heapMem:4.2% of 8.0 GiB, 1.4 GiB alloc, extMem:0 B
[LEAF_CREATED] conf=17    13    10    8     pairwise=-7.990759 correction=-7.990759 rigid=-6.466383 gscore=-7.990759
[LEAF_CREATED] conf=17    13    11    8     pairwise=-8.115815 correction=-8.115815 rigid=-4.853902 gscore=-8.115815
[LEAF_CREATED] conf=17    13    12    8     pairwise=-7.211621 correction=-7.211621 rigid=-1.392155 gscore=-7.211621
[LEAF_CREATED] conf=17    13    13    8     pairwise=-8.071214 correction=-8.071214 rigid=-6.861204 gscore=-8.071214
Found a leaf!
========== MARK* After runUntilNonZero ==========
  epsilonBound:     0.9949585662122078
  targetEpsilon:    0.99
  lower bound:      163772.1871570866947492077668390373042738589142022300830269437059317147
  upper bound:      32485240.1222959245130621063998512895221714820401751057688451981313388368
  Will enter while loop? true
==================================================
Current overall error bound: 0.9949585662, spread of [1.637722e+05, 3.248524e+07]
Z Comparison: 2.989201e+07, 8.739488e+05
Processing 20 internal nodes...
[LEAF_CREATED] conf=7     13    9     8     pairwise=1.746245 correction=1.746245 rigid=70.149204 gscore=1.746245
[LEAF_CREATED] conf=3     13    9     8     pairwise=1.940931 correction=1.940931 rigid=70.218850 gscore=1.940931
[LEAF_CREATED] conf=6     13    9     8     pairwise=1.963624 correction=1.963624 rigid=70.218766 gscore=1.963624
[LEAF_CREATED] conf=2     13    9     8     pairwise=2.674694 correction=2.674694 rigid=72.047260 gscore=2.674694
[LEAF_CREATED] conf=17    13    9     6     pairwise=2.994894 correction=2.994894 rigid=72.344125 gscore=2.994894
[LEAF_CREATED] conf=3     13    10    8     pairwise=-6.884823 correction=-6.884823 rigid=-5.107178 gscore=-6.884823
[LEAF_CREATED] conf=7     13    10    8     pairwise=-7.084742 correction=-7.084742 rigid=-5.188867 gscore=-7.084742
[LEAF_CREATED] conf=6     13    10    8     pairwise=-6.864370 correction=-6.864370 rigid=-5.118192 gscore=-6.864370
[LEAF_CREATED] conf=17    13    9     0     pairwise=2.684028 correction=2.684028 rigid=71.261206 gscore=2.684028
[LEAF_CREATED] conf=17    0     9     8     pairwise=1.102242 correction=1.102242 rigid=69.058662 gscore=1.102242
[LEAF_CREATED] conf=4     13    9     8     pairwise=3.176132 correction=3.176132 rigid=75.737950 gscore=3.176132
Loop complete. Bounds are now [3.518242e+05,8.915995e+06]
Computation for G648=glu G649=phe G650=LEU:2.72 ms
Computing Ligand:
Running until leaf is found...
[LEAF_CREATED] conf=27    0     pairwise=-9.472015 correction=-9.472015 rigid=46.402805 gscore=-9.472015
MARK* expanded:        28, queued:         0, scored/sec:325359, partial minimizations:    0, time:538.16 us, delta:1.00000000000 heapMem:4.2% of 8.0 GiB, 1.4 GiB alloc, extMem:0 B
[LEAF_CREATED] conf=27    1     pairwise=-23.209044 correction=-23.209044 rigid=-22.716596 gscore=-23.209044
[LEAF_CREATED] conf=27    2     pairwise=155.835000 correction=155.835000 rigid=703.161429 gscore=155.835000
[LEAF_CREATED] conf=27    3     pairwise=420.623355 correction=420.623355 rigid=76633.759931 gscore=420.623355
[LEAF_CREATED] conf=27    4     pairwise=-23.719703 correction=-23.719703 rigid=-20.844801 gscore=-23.719703
[LEAF_CREATED] conf=27    5     pairwise=-22.914355 correction=-22.914355 rigid=-16.606818 gscore=-22.914355
[LEAF_CREATED] conf=27    6     pairwise=-0.412639 correction=-0.412639 rigid=36.189417 gscore=-0.412639
[LEAF_CREATED] conf=27    7     pairwise=-27.149192 correction=-27.149192 rigid=-27.497800 gscore=-27.497800
Found a leaf!
========== MARK* After runUntilNonZero ==========
  epsilonBound:     0.7780760244337693
  targetEpsilon:    0.99
  lower bound:      76170412660132216535.7928952506783804085304777238216097066896595487954210471339895064
  upper bound:      343227506022214430681.3074730922252533977746372880348328663304031374966106388943564431
  Will enter while loop? false
==================================================
Computation for G648=glu G649=phe G650=LEU:1.15 ms
Computing Complex:
Running until leaf is found...
[LEAF_CREATED] conf=0     13    13    8     27    7     pairwise=-36.147843 correction=-36.147843 rigid=31.133494 gscore=-36.147843
MARK* expanded:        55, queued:         0, scored/sec:111977, partial minimizations:    0, time:2.46 ms, delta:1.00000000000 heapMem:4.2% of 8.0 GiB, 1.4 GiB alloc, extMem:0 B
[...]
Loop complete. Bounds are now [7.006345e+30,1.536410e+33]
Current overall error bound: 0.9954397956, spread of [7.006345e+30, 1.536410e+33]
Z Comparison: 7.934324e+32, 2.937578e+32
Processing 1000 internal nodes...
Loop complete. Bounds are now [7.008090e+30,7.566536e+32]
Current overall error bound: 0.9907380469, spread of [7.008090e+30, 7.566536e+32]
Z Comparison: 5.265548e+30, 2.937578e+32
Processing 1 leaf nodes...
[MINIMIZATION_DECISION] conf=17    12    14    8     11    7     pairwise=-44.338242 gscore=-44.338242 correction=-44.338242 decision=MINIMIZE reason=no_sufficient_correction
[MINIMIZE] conf=17    12    14    8     11    7     pairwise=-44.338242 minimized=-41.526904 gap=2.811338 time=79.27ms
[TRIPLE_CORRECTION] tuple=Res 0 RC 17 Res 1 RC 12 Res 2 RC 14  pairwise=-6.578151 minimized=-4.535461 correction=2.042690 negative=false
[TRIPLE_CORRECTION] tuple=Res 2 RC 14 Res 3 RC 8 Res 4 RC 11  pairwise=-23.738660 minimized=-23.174389 correction=0.564271 negative=false
[TRIPLE_CORRECTION] tuple=Res 2 RC 14 Res 3 RC 8 Res 4 RC 11  pairwise=-23.738660 minimized=-23.174389 correction=0.564271 negative=false
[TRIPLE_CORRECTION] tuple=Res 2 RC 14 Res 3 RC 8 Res 4 RC 11  pairwise=-23.738660 minimized=-23.174389 correction=0.564271 negative=false
[TRIPLE_CORRECTION] tuple=Res 0 RC 17 Res 1 RC 12 Res 5 RC 7  pairwise=-15.462253 minimized=-13.717777 correction=1.744476 negative=false
[TRIPLE_CORRECTION] tuple=Res 2 RC 14 Res 4 RC 11 Res 5 RC 7  pairwise=-30.014988 minimized=-29.938572 correction=0.076416 negative=false
[TRIPLE_CORRECTION] tuple=Res 1 RC 12 Res 4 RC 11 Res 5 RC 7  pairwise=-30.025568 minimized=-29.983619 correction=0.041948 negative=false
[TRIPLE_CORRECTION] tuple=Res 0 RC 17 Res 1 RC 12 Res 5 RC 7  pairwise=-15.462253 minimized=-13.717777 correction=1.744476 negative=false
[TRIPLE_CORRECTION] tuple=Res 0 RC 17 Res 2 RC 14 Res 4 RC 11  pairwise=-16.872753 minimized=-16.699659 correction=0.173093 negative=false
[TRIPLE_CORRECTION] tuple=Res 0 RC 17 Res 1 RC 12 Res 3 RC 8  pairwise=-4.605559 minimized=-2.840763 correction=1.764795 negative=false
[TRIPLE_CORRECTION] tuple=Res 1 RC 12 Res 3 RC 8 Res 4 RC 11  pairwise=-23.708804 minimized=-23.244398 correction=0.464406 negative=false
[TRIPLE_CORRECTION] tuple=Res 1 RC 12 Res 4 RC 11 Res 5 RC 7  pairwise=-30.025568 minimized=-29.983619 correction=0.041948 negative=false
[TRIPLE_CORRECTION] tuple=Res 0 RC 17 Res 1 RC 12 Res 3 RC 8  pairwise=-4.605559 minimized=-2.840763 correction=1.764795 negative=false
[TRIPLE_CORRECTION] tuple=Res 0 RC 17 Res 1 RC 12 Res 3 RC 8  pairwise=-4.605559 minimized=-2.840763 correction=1.764795 negative=false
[TRIPLE_CORRECTION] tuple=Res 1 RC 12 Res 4 RC 11 Res 5 RC 7  pairwise=-30.025568 minimized=-29.983619 correction=0.041948 negative=false
[TRIPLE_CORRECTION] tuple=Res 2 RC 14 Res 4 RC 11 Res 5 RC 7  pairwise=-30.014988 minimized=-29.938572 correction=0.076416 negative=false
[TRIPLE_CORRECTION] tuple=Res 0 RC 17 Res 1 RC 12 Res 4 RC 11  pairwise=-17.476292 minimized=-15.700021 correction=1.776272 negative=false
[TRIPLE_CORRECTION] tuple=Res 1 RC 12 Res 3 RC 8 Res 4 RC 11  pairwise=-23.708804 minimized=-23.244398 correction=0.464406 negative=false
[TRIPLE_CORRECTION] tuple=Res 1 RC 12 Res 2 RC 14 Res 4 RC 11  pairwise=-21.902223 minimized=-21.666958 correction=0.235264 negative=false
[TRIPLE_CORRECTION] tuple=Res 0 RC 17 Res 2 RC 14 Res 4 RC 11  pairwise=-16.872753 minimized=-16.699659 correction=0.173093 negative=false
[TRIPLE_CORRECTION] tuple=Res 1 RC 12 Res 2 RC 14 Res 4 RC 11  pairwise=-21.902223 minimized=-21.666958 correction=0.235264 negative=false
[TRIPLE_CORRECTION] tuple=Res 0 RC 17 Res 1 RC 12 Res 4 RC 11  pairwise=-17.476292 minimized=-15.700021 correction=1.776272 negative=false
[TRIPLE_CORRECTION] tuple=Res 0 RC 17 Res 2 RC 14 Res 4 RC 11  pairwise=-16.872753 minimized=-16.699659 correction=0.173093 negative=false
[TRIPLE_CORRECTION] tuple=Res 1 RC 12 Res 3 RC 8 Res 4 RC 11  pairwise=-23.708804 minimized=-23.244398 correction=0.464406 negative=false
[TRIPLE_CORRECTION] tuple=Res 2 RC 14 Res 4 RC 11 Res 5 RC 7  pairwise=-30.014988 minimized=-29.938572 correction=0.076416 negative=false
[TRIPLE_CORRECTION] tuple=Res 1 RC 12 Res 2 RC 14 Res 4 RC 11  pairwise=-21.902223 minimized=-21.666958 correction=0.235264 negative=false
[TRIPLE_CORRECTION] tuple=Res 0 RC 17 Res 1 RC 12 Res 4 RC 11  pairwise=-17.476292 minimized=-15.700021 correction=1.776272 negative=false
[CORRECTION_SUMMARY] conf=17    12    14    8     11    7     triples_generated=39 computation_time=133.30ms
[17    12    14    8     11    7    ]conf:   1, score:  -44.338242, lower:  -44.338242, corrected:  -44.338242 energy:  -41.526904, bounds:[7.008090e+30, 7.566536e+32], delta:    0.990738, time: 452.14 ms
Processed 1 leaves in 0.317691192 seconds.
Loop complete. Bounds are now [8.773056e+30,4.646607e+32]
Computation for G648=glu G649=LEU G650=asp:453.07 ms
Computing Protein:
Running until leaf is found...
[LEAF_CREATED] conf=8     13    14    8     pairwise=-6.382528 correction=-6.382528 rigid=-5.514436 gscore=-6.382528
MARK* expanded:        20, queued:         0, scored/sec:111047, partial minimizations:    0, time:518.89 us, delta:1.00000000000 heapMem:4.2% of 8.0 GiB, 1.4 GiB alloc, extMem:0 B
Found a leaf!
========== MARK* After runUntilNonZero ==========
  epsilonBound:     0.9511715429735853
  targetEpsilon:    0.99
  lower bound:      16823.2723779778856866706455056076048283667820672246110186370051277369
  upper bound:      344538.2754748328197357252045921622397079480693418983603631019448445418
  Will enter while loop? false
==================================================
Computation for G648=ALA G649=phe G650=asp:798.38 us
Computing Ligand:
Running until leaf is found...
[LEAF_CREATED] conf=27    0     pairwise=-9.472015 correction=-9.472015 rigid=46.402805 gscore=-9.472015
MARK* expanded:        28, queued:         0, scored/sec:514973, partial minimizations:    0, time:384.87 us, delta:1.00000000000 heapMem:4.2% of 8.0 GiB, 1.4 GiB alloc, extMem:0 B
[LEAF_CREATED] conf=27    1     pairwise=-23.209044 correction=-23.209044 rigid=-22.716596 gscore=-23.209044
[LEAF_CREATED] conf=27    2     pairwise=155.835000 correction=155.835000 rigid=703.161429 gscore=155.835000
[LEAF_CREATED] conf=27    3     pairwise=420.623355 correction=420.623355 rigid=76633.759931 gscore=420.623355
[LEAF_CREATED] conf=27    4     pairwise=-23.719703 correction=-23.719703 rigid=-20.844801 gscore=-23.719703
[LEAF_CREATED] conf=27    5     pairwise=-22.914355 correction=-22.914355 rigid=-16.606818 gscore=-22.914355
[LEAF_CREATED] conf=27    6     pairwise=-0.412639 correction=-0.412639 rigid=36.189417 gscore=-0.412639
[LEAF_CREATED] conf=27    7     pairwise=-27.149192 correction=-27.149192 rigid=-27.497800 gscore=-27.497800
Found a leaf!
========== MARK* After runUntilNonZero ==========
  epsilonBound:     0.7780760244337693
  targetEpsilon:    0.99
  lower bound:      76170412660132216535.7928952506783804085304777238216097066896595487954210471339895064
  upper bound:      343227506022214430681.3074730922252533977746372880348328663304031374966106388943564431
  Will enter while loop? false
==================================================
Computation for G648=ALA G649=phe G650=asp:830.10 us
Computing Complex:
Running until leaf is found...
[LEAF_CREATED] conf=8     13    14    8     27    7     pairwise=-54.455387 correction=-54.455387 rigid=-52.693781 gscore=-54.455387
MARK* expanded:        56, queued:         0, scored/sec:186251, partial minimizations:    0, time:1.52 ms, delta:1.00000000000 heapMem:4.2% of 8.0 GiB, 1.4 GiB alloc, extMem:0 B
Found a leaf!
========== MARK* After runUntilNonZero ==========
  epsilonBound:     0.9999751489591273
  targetEpsilon:    0.99
  lower bound:      387265852428598652380638023203402730883.3126810089160845863107188233780724463248147254461280124507050439
  upper bound:      15583486197325872062176998781858700878803912.7954199032307348145533966372708518950160684809932875821773688831
  Will enter while loop? true
==================================================
Current overall error bound: 0.9999751490, spread of [3.872659e+38, 1.558349e+43]
Z Comparison: 1.557593e+43, 7.164243e+39
Processing 51 internal nodes...
[LEAF_CREATED] conf=8     13    14    8     10    7     pairwise=-52.426005 correction=-52.426005 rigid=-46.621429 gscore=-52.426005
[LEAF_CREATED] conf=8     13    14    8     13    7     pairwise=-51.808339 correction=-51.808339 rigid=-34.484379 gscore=-51.808339
[LEAF_CREATED] conf=8     13    14    8     8     7     pairwise=-51.803655 correction=-51.803655 rigid=-46.837614 gscore=-51.803655
[LEAF_CREATED] conf=8     13    14    8     11    7     pairwise=-54.302639 correction=-54.302639 rigid=-51.377725 gscore=-54.302639
[LEAF_CREATED] conf=8     13    14    8     12    7     pairwise=-52.305807 correction=-52.305807 rigid=-49.450591 gscore=-52.305807
Loop complete. Bounds are now [4.334378e+38,9.096490e+40]
Current overall error bound: 0.9952351092, spread of [4.334378e+38, 9.096490e+40]
Z Comparison: 7.621983e+40, 7.164243e+39
Processing 464 internal nodes...
Loop complete. Bounds are now [4.337391e+38,1.579607e+40]
Computation for G648=ALA G649=phe G650=asp:67.50 ms
Computing Protein:
Running until leaf is found...
[LEAF_CREATED] conf=9     13    14    8     pairwise=-1.809462 correction=-1.809462 rigid=1.900368 gscore=-1.809462
MARK* expanded:        20, queued:         0, scored/sec:167115, partial minimizations:    0, time:449.70 us, delta:1.00000000000 heapMem:4.2% of 8.0 GiB, 1.4 GiB alloc, extMem:0 B
[LEAF_CREATED] conf=10    13    14    8     pairwise=-6.847382 correction=-6.847382 rigid=-5.958602 gscore=-6.847382
[LEAF_CREATED] conf=11    13    14    8     pairwise=-3.418483 correction=-3.418483 rigid=0.656478 gscore=-3.418483
Found a leaf!
========== MARK* After runUntilNonZero ==========
  epsilonBound:     0.9888160219370176
  targetEpsilon:    0.99
  lower bound:      23095.6888323813096440928251708460350470304795407472562884626910708108
  upper bound:      2065069.2179757602582521557563033996195117249805308983060190233798541922
  Will enter while loop? false
==================================================
Computation for G648=VAL G649=phe G650=asp:796.83 us
Computing Ligand:
Running until leaf is found...
[LEAF_CREATED] conf=27    0     pairwise=-9.472015 correction=-9.472015 rigid=46.402805 gscore=-9.472015
MARK* expanded:        28, queued:         0, scored/sec:509287, partial minimizations:    0, time:355.51 us, delta:1.00000000000 heapMem:4.2% of 8.0 GiB, 1.4 GiB alloc, extMem:0 B
[LEAF_CREATED] conf=27    1     pairwise=-23.209044 correction=-23.209044 rigid=-22.716596 gscore=-23.209044
[LEAF_CREATED] conf=27    2     pairwise=155.835000 correction=155.835000 rigid=703.161429 gscore=155.835000
[LEAF_CREATED] conf=27    3     pairwise=420.623355 correction=420.623355 rigid=76633.759931 gscore=420.623355
[LEAF_CREATED] conf=27    4     pairwise=-23.719703 correction=-23.719703 rigid=-20.844801 gscore=-23.719703
[LEAF_CREATED] conf=27    5     pairwise=-22.914355 correction=-22.914355 rigid=-16.606818 gscore=-22.914355
[LEAF_CREATED] conf=27    6     pairwise=-0.412639 correction=-0.412639 rigid=36.189417 gscore=-0.412639
[LEAF_CREATED] conf=27    7     pairwise=-27.149192 correction=-27.149192 rigid=-27.497800 gscore=-27.497800
Found a leaf!
========== MARK* After runUntilNonZero ==========
  epsilonBound:     0.7780760244337693
  targetEpsilon:    0.99
  lower bound:      76170412660132216535.7928952506783804085304777238216097066896595487954210471339895064
  upper bound:      343227506022214430681.3074730922252533977746372880348328663304031374966106388943564431
  Will enter while loop? false
==================================================
Computation for G648=VAL G649=phe G650=asp:821.86 us
Computing Complex:
Running until leaf is found...
[LEAF_CREATED] conf=9     13    14    8     27    7     pairwise=-50.163473 correction=-50.163473 rigid=-45.584335 gscore=-50.163473
MARK* expanded:        56, queued:         0, scored/sec:185606, partial minimizations:    0, time:1.54 ms, delta:1.00000000000 heapMem:4.2% of 8.0 GiB, 1.4 GiB alloc, extMem:0 B
[LEAF_CREATED] conf=10    13    14    8     27    7     pairwise=-55.271841 correction=-55.271841 rigid=-53.484388 gscore=-55.271841
[LEAF_CREATED] conf=11    13    14    8     27    7     pairwise=-51.669537 correction=-51.669537 rigid=-46.683221 gscore=-51.669537
Found a leaf!
========== MARK* After runUntilNonZero ==========
  epsilonBound:     0.9999920733344264
  targetEpsilon:    0.99
  lower bound:      1468822535991332494409810744954511207483.3438440987482694496544764073100696402650767914560029641453595093
  upper bound:      185301438839916039279046516626905205914546382.5620594320850305753267095203303340810625363801600933942897798530
  Will enter while loop? true
==================================================
Current overall error bound: 0.9999920733, spread of [1.468823e+39, 1.853014e+44]
Z Comparison: 1.852714e+44, 2.844883e+40
Processing 51 internal nodes...
Loop complete. Bounds are now [1.635083e+39,9.654031e+41]
Current overall error bound: 0.9983063204, spread of [1.635083e+39, 9.654031e+41]
Z Comparison: 9.068280e+41, 2.844883e+40
Processing 464 internal nodes...
Loop complete. Bounds are now [1.644147e+39,6.663703e+40]
Computation for G648=VAL G649=phe G650=asp:28.19 ms
Computing Protein:
Running until leaf is found...
[LEAF_CREATED] conf=16    13    0     8     pairwise=0.222396 correction=0.222396 rigid=6.296539 gscore=0.222396
MARK* expanded:        19, queued:         0, scored/sec:154770, partial minimizations:    0, time:447.80 us, delta:1.00000000000 heapMem:4.2% of 8.0 GiB, 1.4 GiB alloc, extMem:0 B
[LEAF_CREATED] conf=16    13    1     8     pairwise=8.254783 correction=8.254783 rigid=32.192302 gscore=8.254783
[LEAF_CREATED] conf=16    13    2     8     pairwise=-3.755572 correction=-3.755572 rigid=6.940180 gscore=-3.755572
[LEAF_CREATED] conf=16    13    3     8     pairwise=-6.002122 correction=-6.002122 rigid=-4.885954 gscore=-6.002122
[LEAF_CREATED] conf=16    13    4     8     pairwise=-5.044721 correction=-5.044721 rigid=-3.622321 gscore=-5.044721
[LEAF_CREATED] conf=16    13    14    8     pairwise=-6.450619 correction=-6.450619 rigid=-5.302666 gscore=-6.450619
Found a leaf!
========== MARK* After runUntilNonZero ==========
  epsilonBound:     0.9992451457283202
  targetEpsilon:    0.99
  lower bound:      11875.4476846778272851500120995411606236504285125135368018801700236066
  upper bound:      15732106.3551130976080332729549929114352661456273097033745139212128138289
  Will enter while loop? true
==================================================
Current overall error bound: 0.9992451457, spread of [1.187545e+04, 1.573211e+07]
Z Comparison: 1.564880e+07, 4.530415e+04
Processing 16 internal nodes...
[LEAF_CREATED] conf=16    0     0     8     pairwise=0.500903 correction=0.500903 rigid=6.481455 gscore=0.500903
[LEAF_CREATED] conf=13    13    0     8     pairwise=-0.307282 correction=-0.307282 rigid=5.407592 gscore=-0.307282
[LEAF_CREATED] conf=15    13    0     8     pairwise=0.265991 correction=0.265991 rigid=7.115402 gscore=0.265991
[LEAF_CREATED] conf=14    13    0     8     pairwise=-0.588315 correction=-0.588315 rigid=5.410074 gscore=-0.588315
Loop complete. Bounds are now [1.366658e+05,3.322709e+06]
Computation for G648=LEU G649=phe G650=asp:1.86 ms
Computing Ligand:
Running until leaf is found...
[LEAF_CREATED] conf=27    0     pairwise=-9.472015 correction=-9.472015 rigid=46.402805 gscore=-9.472015
MARK* expanded:        28, queued:         0, scored/sec:470546, partial minimizations:    0, time:382.46 us, delta:1.00000000000 heapMem:4.2% of 8.0 GiB, 1.4 GiB alloc, extMem:0 B
[LEAF_CREATED] conf=27    1     pairwise=-23.209044 correction=-23.209044 rigid=-22.716596 gscore=-23.209044
[LEAF_CREATED] conf=27    2     pairwise=155.835000 correction=155.835000 rigid=703.161429 gscore=155.835000
[LEAF_CREATED] conf=27    3     pairwise=420.623355 correction=420.623355 rigid=76633.759931 gscore=420.623355
[LEAF_CREATED] conf=27    4     pairwise=-23.719703 correction=-23.719703 rigid=-20.844801 gscore=-23.719703
[LEAF_CREATED] conf=27    5     pairwise=-22.914355 correction=-22.914355 rigid=-16.606818 gscore=-22.914355
[LEAF_CREATED] conf=27    6     pairwise=-0.412639 correction=-0.412639 rigid=36.189417 gscore=-0.412639
[LEAF_CREATED] conf=27    7     pairwise=-27.149192 correction=-27.149192 rigid=-27.497800 gscore=-27.497800
Found a leaf!
========== MARK* After runUntilNonZero ==========
  epsilonBound:     0.7780760244337693
  targetEpsilon:    0.99
  lower bound:      76170412660132216535.7928952506783804085304777238216097066896595487954210471339895064
  upper bound:      343227506022214430681.3074730922252533977746372880348328663304031374966106388943564431
  Will enter while loop? false
==================================================
Computation for G648=LEU G649=phe G650=asp:798.30 us
Computing Complex:
Running until leaf is found...
[LEAF_CREATED] conf=16    0     14    8     27    7     pairwise=-50.761852 correction=-50.761852 rigid=-41.038617 gscore=-50.761852
MARK* expanded:        56, queued:         0, scored/sec:188410, partial minimizations:    0, time:1.51 ms, delta:1.00000000000 heapMem:4.2% of 8.0 GiB, 1.4 GiB alloc, extMem:0 B
[LEAF_CREATED] conf=16    1     14    8     27    7     pairwise=-12.496926 correction=-12.496926 rigid=6080.468500 gscore=-12.496926
[LEAF_CREATED] conf=16    2     14    8     27    7     pairwise=-48.077935 correction=-48.077935 rigid=-46.751141 gscore=-48.077935
[LEAF_CREATED] conf=16    3     14    8     27    7     pairwise=-43.821114 correction=-43.821114 rigid=-5.659513 gscore=-43.821114
[LEAF_CREATED] conf=16    13    14    8     27    7     pairwise=-54.985128 correction=-54.985128 rigid=-52.991198 gscore=-54.985128
Found a leaf!
========== MARK* After runUntilNonZero ==========
  epsilonBound:     0.9999992982232484
  targetEpsilon:    0.99
  lower bound:      639454503339033486512690946871875590968.5551438462657752318565530907151903283183589549195082299238590272
  upper bound:      911193626594540484782839523298536652192191015.5715594794136624702976160179004234438035080774945115580419423191
  Will enter while loop? true
==================================================
Current overall error bound: 0.9999992982, spread of [6.394545e+38, 9.111936e+44]
Z Comparison: 9.111752e+44, 1.780926e+40
Processing 51 internal nodes...
Loop complete. Bounds are now [3.718424e+39,5.132751e+42]
Current overall error bound: 0.9992755496, spread of [3.718424e+39, 5.132751e+42]
Z Comparison: 4.985827e+42, 8.535106e+40
Processing 464 internal nodes...
Loop complete. Bounds are now [4.080374e+39,3.217534e+41]
Computation for G648=LEU G649=phe G650=asp:32.58 ms

Results:
  Runtime: 11.58 s
  Best sequence: G648=glu G649=phe G650=asp
  K* score: 14.303126 in [11.651109,16.074294] (log10)


=== Subtree DOF Cache Statistics (TRUE SUBTREE CACHING) ===
Total conformation queries: 541
Total subtree queries:      545
Full cache hits:            14 (all subtrees cached)
Partial cache hits:         0 (some subtrees cached)
Full cache misses:          528 (subtree not cached)
Conformation hit rate:      2.6%
Subtree hit rate:           3.1%
Cache size:                 222 / 100000
Estimated speedup:          1.01x
===========================================================


====================================================================================================
PERFORMANCE SUMMARY
====================================================================================================
Original:    6,013 ms (6.01 s)
Phase 1+2:   11,579 ms (11.58 s)
Speedup:     0.52x (SLOWER)
====================================================================================================
]]></system-out>
  <system-err><![CDATA[]]></system-err>
</testsuite>
