==========================================
Testing MARK* vs K* Partition Function
Start time: Wed Nov 12 03:09:40 PM EST 2025
==========================================

> Task :buildSrc:compileKotlin UP-TO-DATE
> Task :buildSrc:compileJava UP-TO-DATE
> Task :buildSrc:compileGroovy NO-SOURCE
> Task :buildSrc:pluginDescriptors UP-TO-DATE
> Task :buildSrc:processResources UP-TO-DATE
> Task :buildSrc:classes UP-TO-DATE
> Task :buildSrc:inspectClassesForKotlinIC UP-TO-DATE
> Task :buildSrc:jar UP-TO-DATE
> Task :buildSrc:assemble UP-TO-DATE
> Task :buildSrc:compileTestKotlin UP-TO-DATE
> Task :buildSrc:pluginUnderTestMetadata UP-TO-DATE
> Task :buildSrc:compileTestJava UP-TO-DATE
> Task :buildSrc:compileTestGroovy NO-SOURCE
> Task :buildSrc:processTestResources NO-SOURCE
> Task :buildSrc:testClasses UP-TO-DATE
> Task :buildSrc:test UP-TO-DATE
> Task :buildSrc:validatePlugins UP-TO-DATE
> Task :buildSrc:check UP-TO-DATE
> Task :buildSrc:build UP-TO-DATE
> Task :compileKotlin UP-TO-DATE
> Task :compileJava UP-TO-DATE
> Task :processResources
> Task :classes
> Task :compileTestKotlin UP-TO-DATE
> Task :compileTestJava UP-TO-DATE
> Task :processTestResources UP-TO-DATE
> Task :testClasses UP-TO-DATE

> Task :test
WARNING: Using incubator modules: jdk.incubator.foreign

TestMARKStarVsKStarPartitionFunction > testSmallSystem3Flex() FAILED
    java.lang.IllegalStateException: only one context group can be active at a time
        at edu.duke.cs.osprey.parallelism.TaskExecutor.contextGroup(TaskExecutor.java:138)
        at edu.duke.cs.osprey.ematrix.SimplerEnergyMatrixCalculator.calcEnergyMatrix(SimplerEnergyMatrixCalculator.java:173)
        at edu.duke.cs.osprey.kstar.TestMARKStarVsKStarPartitionFunction.testSystemComparison(TestMARKStarVsKStarPartitionFunction.java:351)
        at edu.duke.cs.osprey.kstar.TestMARKStarVsKStarPartitionFunction.testSmallSystem3Flex(TestMARKStarVsKStarPartitionFunction.java:432)

1 test completed, 1 failed

> Task :test FAILED

FAILURE: Build failed with an exception.

* What went wrong:
Execution failed for task ':test'.
> There were failing tests. See the report at: file:///home/users/lz280/IdeaProjects/OSPREY3/build/reports/tests/test/index.html

* Try:
> Run with --stacktrace option to get the stack trace.
> Run with --info or --debug option to get more log output.
> Run with --scan to get full insights.

* Get more help at https://help.gradle.org

Deprecated Gradle features were used in this build, making it incompatible with Gradle 8.0.

You can use '--warning-mode all' to show the individual deprecation warnings and determine if they come from your own scripts or plugins.

See https://docs.gradle.org/7.3/userguide/command_line_interface.html#sec:command_line_warnings

BUILD FAILED in 9s
18 actionable tasks: 2 executed, 16 up-to-date

==========================================
End time: Wed Nov 12 03:09:49 PM EST 2025
Exit code: 0
==========================================
