=========================================
MARK* Mutations Test
Original vs Phase 1+2 (Full Optimizations)
9 flexible residues, 2 mutable to 20 amino acids
Date: Fri Jan  2 01:07:10 AM EST 2026
Job ID: 10357710
Node: linux5
=========================================

To honour the JVM settings for this build a single-use Daemon process will be forked. See https://docs.gradle.org/7.3/userguide/gradle_daemon.html#sec:disabling_the_daemon.
Daemon will be stopped at the end of the build 
> Task :buildSrc:compileKotlin UP-TO-DATE
> Task :buildSrc:compileJava UP-TO-DATE
> Task :buildSrc:compileGroovy NO-SOURCE
> Task :buildSrc:pluginDescriptors UP-TO-DATE
> Task :buildSrc:processResources UP-TO-DATE
> Task :buildSrc:classes UP-TO-DATE
> Task :buildSrc:inspectClassesForKotlinIC UP-TO-DATE
> Task :buildSrc:jar UP-TO-DATE
> Task :buildSrc:assemble UP-TO-DATE
> Task :buildSrc:compileTestKotlin UP-TO-DATE
> Task :buildSrc:pluginUnderTestMetadata UP-TO-DATE
> Task :buildSrc:compileTestJava UP-TO-DATE
> Task :buildSrc:compileTestGroovy NO-SOURCE
> Task :buildSrc:processTestResources NO-SOURCE
> Task :buildSrc:testClasses UP-TO-DATE
> Task :buildSrc:test UP-TO-DATE
> Task :buildSrc:validatePlugins UP-TO-DATE
> Task :buildSrc:check UP-TO-DATE
> Task :buildSrc:build UP-TO-DATE
> Task :compileKotlin UP-TO-DATE
> Task :compileJava UP-TO-DATE
> Task :processResources
> Task :classes
> Task :compileTestKotlin UP-TO-DATE
> Task :compileTestJava UP-TO-DATE
> Task :processTestResources UP-TO-DATE
> Task :testClasses UP-TO-DATE

> Task :test

TestDPvsOriginal > testOriginalVsPhase2WithMutations() FAILED
    java.lang.NullPointerException
        at java.base/java.util.PriorityQueue.offer(PriorityQueue.java:325)
        at java.base/java.util.PriorityQueue.add(PriorityQueue.java:311)
        at edu.duke.cs.osprey.markstar.framework.MARKStarBound.boundLowestBoundConfUnderNode(MARKStarBound.java:780)
        at edu.duke.cs.osprey.markstar.framework.MARKStarBound.runUntilNonZero(MARKStarBound.java:477)
        at edu.duke.cs.osprey.markstar.framework.MARKStarBound.compute(MARKStarBound.java:219)
        at edu.duke.cs.osprey.markstar.framework.MARKStarBound.compute(MARKStarBound.java:278)
        at edu.duke.cs.osprey.markstar.MARKStar$ConfSpaceInfo.calcPfunc(MARKStar.java:366)
        at edu.duke.cs.osprey.markstar.MARKStar.run(MARKStar.java:494)
        at edu.duke.cs.osprey.markstar.TestDPvsOriginal.testScaleWithMutations(TestDPvsOriginal.java:750)
        at edu.duke.cs.osprey.markstar.TestDPvsOriginal.testOriginalVsPhase2WithMutations(TestDPvsOriginal.java:561)

> Task :test FAILED

Deprecated Gradle features were used in this build, making it incompatible with Gradle 8.0.

You can use '--warning-mode all' to show the individual deprecation warnings and determine if they come from your own scripts or plugins.

See https://docs.gradle.org/7.3/userguide/command_line_interface.html#sec:command_line_warnings
18 actionable tasks: 2 executed, 16 up-to-date

=========================================
Test completed with exit code: 0
Date: Fri Jan  2 01:21:03 AM EST 2026
=========================================
