=========================================
Full Performance Comparison
Original Greedy vs Phase 1 vs Phase 1+2
Date: Thu Jan  1 10:13:10 PM EST 2026
Job ID: 10356736
Node: linux56
=========================================

Running comprehensive comparison on 5, 7, and 9 residues...
This will test:
  1. Original Greedy (baseline)
  2. Phase 1 (DP optimizations)
  3. Phase 1+2 (DP + TRUE Subtree Caching)

To honour the JVM settings for this build a single-use Daemon process will be forked. See https://docs.gradle.org/7.3/userguide/gradle_daemon.html#sec:disabling_the_daemon.
Daemon will be stopped at the end of the build 
> Task :buildSrc:compileKotlin UP-TO-DATE
> Task :buildSrc:compileJava UP-TO-DATE
> Task :buildSrc:compileGroovy NO-SOURCE
> Task :buildSrc:pluginDescriptors UP-TO-DATE
> Task :buildSrc:processResources UP-TO-DATE
> Task :buildSrc:classes UP-TO-DATE
> Task :buildSrc:inspectClassesForKotlinIC UP-TO-DATE
> Task :buildSrc:jar UP-TO-DATE
> Task :buildSrc:assemble UP-TO-DATE
> Task :buildSrc:compileTestKotlin UP-TO-DATE
> Task :buildSrc:pluginUnderTestMetadata UP-TO-DATE
> Task :buildSrc:compileTestJava UP-TO-DATE
> Task :buildSrc:compileTestGroovy NO-SOURCE
> Task :buildSrc:processTestResources NO-SOURCE
> Task :buildSrc:testClasses UP-TO-DATE
> Task :buildSrc:test UP-TO-DATE
> Task :buildSrc:validatePlugins UP-TO-DATE
> Task :buildSrc:check UP-TO-DATE
> Task :buildSrc:build UP-TO-DATE
> Task :compileKotlin UP-TO-DATE
> Task :compileJava UP-TO-DATE
> Task :processResources
> Task :classes
> Task :compileTestKotlin
> Task :compileTestJava UP-TO-DATE
> Task :processTestResources UP-TO-DATE
> Task :testClasses UP-TO-DATE

> Task :test

TestDPvsOriginal > testComprehensiveComparison() FAILED
    edu.duke.cs.osprey.parallelism.TaskExecutor$TaskException: A task failed, no new tasks can be submitted
        at app//edu.duke.cs.osprey.parallelism.ConcurrentTaskExecutor.recordException(ConcurrentTaskExecutor.java:106)
        at app//edu.duke.cs.osprey.parallelism.ConcurrentTaskExecutor.taskFailure(ConcurrentTaskExecutor.java:87)
        at app//edu.duke.cs.osprey.parallelism.ThreadPoolTaskExecutor.lambda$submit$1(ThreadPoolTaskExecutor.java:112)
        at java.base@17.0.17/java.util.concurrent.ThreadPoolExecutor.runWorker(ThreadPoolExecutor.java:1136)
        at java.base@17.0.17/java.util.concurrent.ThreadPoolExecutor$Worker.run(ThreadPoolExecutor.java:635)
        at java.base@17.0.17/java.lang.Thread.run(Thread.java:840)

        Caused by:
        edu.duke.cs.osprey.parallelism.TaskExecutor$TaskException: A task failed, no new tasks can be submitted
            at app//edu.duke.cs.osprey.parallelism.ConcurrentTaskExecutor.recordException(ConcurrentTaskExecutor.java:106)
            ... 5 more

            Caused by:
            java.lang.NullPointerException: Cannot read field "dofValues" because "freeResult" is null
                at edu.duke.cs.osprey.minimization.ConstrainedMinimizer.minimizeFrom(ConstrainedMinimizer.java:105)
                at edu.duke.cs.osprey.ematrix.SubtreeDOFCache.minimizeWithCache(SubtreeDOFCache.java:156)
                at edu.duke.cs.osprey.ematrix.CachedMinimizer.minimizeFrom(CachedMinimizer.java:133)
                at edu.duke.cs.osprey.energy.EnergyCalculator.calcEnergy(EnergyCalculator.java:726)
                at edu.duke.cs.osprey.energy.ConfEnergyCalculator.calcEnergy(ConfEnergyCalculator.java:307)
                at edu.duke.cs.osprey.energy.ConfEnergyCalculator.calcEnergy(ConfEnergyCalculator.java:286)
                at edu.duke.cs.osprey.energy.ConfEnergyCalculator.lambda$calcEnergyAsync$1(ConfEnergyCalculator.java:330)
                at edu.duke.cs.osprey.parallelism.TaskExecutor.runTask(TaskExecutor.java:168)
                at edu.duke.cs.osprey.parallelism.ThreadPoolTaskExecutor.lambda$submit$1(ThreadPoolTaskExecutor.java:104)
                ... 3 more

> Task :test FAILED

Deprecated Gradle features were used in this build, making it incompatible with Gradle 8.0.

You can use '--warning-mode all' to show the individual deprecation warnings and determine if they come from your own scripts or plugins.

See https://docs.gradle.org/7.3/userguide/command_line_interface.html#sec:command_line_warnings
18 actionable tasks: 3 executed, 15 up-to-date

=========================================
Test completed with exit code: 1
Date: Thu Jan  1 10:13:54 PM EST 2026
=========================================
