=========================================
Phase 2 Test: 1 Mutable + 3 Flexible
Total: 4 positions (G648 mutable + 3 wild-type)
Original vs Phase 1 vs Phase 1+2
Date: Sat Jan  3 02:26:30 AM EST 2026
Job ID: 10367165
Node: compsci-cluster-fitz-35
=========================================
ERROR: Unable to locate a modulefile for 'java/17'

Running comprehensive comparison on 3 flexible residues...
Configuration: buildConfSpace(3) â†’ 1 mutable (G648) + 3 flexible
This will test:
  1. Original Greedy (baseline)
  2. Phase 1+2 (DP + TRUE Subtree Caching)
  (Phase 1 skipped)

Starting a Gradle Daemon, 1 busy Daemon could not be reused, use --status for details

FAILURE: Build failed with an exception.

* What went wrong:
Gradle could not start your build.
> Cannot create service of type BuildTreeActionExecutor using method LauncherServices$ToolingBuildTreeScopeServices.createActionExecutor() as there is a problem with parameter #1 of type List<BuildActionRunner>.
   > Cannot create service of type BuildModelActionRunner using BuildModelActionRunner constructor as there is a problem with parameter #1 of type PayloadSerializer.
      > Cannot create service of type PayloadSerializer using method LauncherServices$ToolingGradleUserHomeScopeServices.createPayloadSerializer() as there is a problem with parameter #2 of type PayloadClassLoaderFactory.
         > Cannot create service of type PayloadClassLoaderFactory using method LauncherServices$ToolingGradleUserHomeScopeServices.createClassLoaderFactory() as there is a problem with parameter #1 of type CachedClasspathTransformer.
            > Cannot create service of type DefaultCachedClasspathTransformer using DefaultCachedClasspathTransformer constructor as there is a problem with parameter #6 of type FileSystemAccess.
               > Cannot create service of type FileSystemAccess using method VirtualFileSystemServices$GradleUserHomeServices.createFileSystemAccess() as there is a problem with parameter #2 of type VirtualFileSystem.
                  > Cannot create service of type BuildLifecycleAwareVirtualFileSystem using method VirtualFileSystemServices$GradleUserHomeServices.createVirtualFileSystem() as there is a problem with parameter #6 of type GlobalCacheLocations.
                     > Cannot create service of type GlobalCacheLocations using method GradleUserHomeScopeServices.createGlobalCacheLocations() as there is a problem with parameter #1 of type List<GlobalCache>.
                        > Could not create service of type FileAccessTimeJournal using GradleUserHomeScopeServices.createFileAccessTimeJournal().
                           > Timeout waiting to lock journal cache (/home/users/lz280/.gradle/caches/journal-1). It is currently in use by another Gradle instance.
                             Owner PID: 1292266
                             Our PID: 3844990
                             Owner Operation: 
                             Our operation: 
                             Lock file: /home/users/lz280/.gradle/caches/journal-1/journal-1.lock

* Try:
> Run with --stacktrace option to get the stack trace.
> Run with --info or --debug option to get more log output.
> Run with --scan to get full insights.

* Get more help at https://help.gradle.org

BUILD FAILED in 1m 1s

=========================================
Test completed with exit code: 0
Date: Sat Jan  3 02:27:32 AM EST 2026
=========================================
