Starting a Gradle Daemon, 1 busy and 2 stopped Daemons could not be reused, use --status for details
> Task :buildSrc:compileKotlin UP-TO-DATE
> Task :buildSrc:compileJava UP-TO-DATE
> Task :buildSrc:compileGroovy NO-SOURCE
> Task :buildSrc:pluginDescriptors UP-TO-DATE
> Task :buildSrc:processResources UP-TO-DATE
> Task :buildSrc:classes UP-TO-DATE
> Task :buildSrc:inspectClassesForKotlinIC UP-TO-DATE
> Task :buildSrc:jar UP-TO-DATE
> Task :buildSrc:assemble UP-TO-DATE
> Task :buildSrc:compileTestKotlin UP-TO-DATE
> Task :buildSrc:pluginUnderTestMetadata UP-TO-DATE
> Task :buildSrc:compileTestJava UP-TO-DATE
> Task :buildSrc:compileTestGroovy NO-SOURCE
> Task :buildSrc:processTestResources NO-SOURCE
> Task :buildSrc:testClasses UP-TO-DATE
> Task :buildSrc:test UP-TO-DATE
> Task :buildSrc:validatePlugins UP-TO-DATE
> Task :buildSrc:check UP-TO-DATE
> Task :buildSrc:build UP-TO-DATE
> Task :compileKotlin UP-TO-DATE
> Task :compileJava UP-TO-DATE
> Task :processResources
> Task :classes
> Task :compileTestKotlin UP-TO-DATE
> Task :compileTestJava UP-TO-DATE
> Task :processTestResources UP-TO-DATE
> Task :testClasses UP-TO-DATE

> Task :test
WARNING: Using incubator modules: jdk.incubator.foreign

TestMARKStar > testMARKStarVsKStar() FAILED
    java.lang.NumberFormatException: Infinite or NaN
        at java.base/java.math.BigDecimal.<init>(BigDecimal.java:981)
        at java.base/java.math.BigDecimal.<init>(BigDecimal.java:960)
        at edu.duke.cs.osprey.tools.ExpFunction.log(ExpFunction.java:140)
        at edu.duke.cs.osprey.kstar.pfunc.BoltzmannCalculator.freeEnergy(BoltzmannCalculator.java:121)
        at edu.duke.cs.osprey.markstar.TestMARKStar.printKStarComputationStats(TestMARKStar.java:1081)
        at edu.duke.cs.osprey.markstar.TestMARKStar.compareMARKStarAndKStar(TestMARKStar.java:1053)
        at edu.duke.cs.osprey.markstar.TestMARKStar.testMARKStarVsKStar(TestMARKStar.java:976)

1 test completed, 1 failed

> Task :test FAILED

FAILURE: Build failed with an exception.

* What went wrong:
Execution failed for task ':test'.
> A build operation failed.
      Could not write XML test results for edu.duke.cs.osprey.markstar.TestMARKStar to file /home/users/lz280/IdeaProjects/OSPREY3/build/test-results/test/TEST-edu.duke.cs.osprey.markstar.TestMARKStar.xml.
   > Could not write XML test results for edu.duke.cs.osprey.markstar.TestMARKStar to file /home/users/lz280/IdeaProjects/OSPREY3/build/test-results/test/TEST-edu.duke.cs.osprey.markstar.TestMARKStar.xml.

* Try:
> Run with --stacktrace option to get the stack trace.
> Run with --info or --debug option to get more log output.
> Run with --scan to get full insights.

* Get more help at https://help.gradle.org

Deprecated Gradle features were used in this build, making it incompatible with Gradle 8.0.

You can use '--warning-mode all' to show the individual deprecation warnings and determine if they come from your own scripts or plugins.

See https://docs.gradle.org/7.3/userguide/command_line_interface.html#sec:command_line_warnings

BUILD FAILED in 57s
18 actionable tasks: 2 executed, 16 up-to-date
