WARNING: Using incubator modules: jdk.incubator.foreign
Traceback (most recent call last):
  File "SimpleConfSpace.java", line 105, in edu.duke.cs.osprey.confspace.SimpleConfSpace$Builder.build
Exception: Java Exception

The above exception was the direct cause of the following exception:

Traceback (most recent call last):
  File "/home/users/lz280/IdeaProjects/OSPREY3/examples/python.PAStE/PASTE_6dv2.py", line 35, in <module>
    complexConfSpace = osprey.ConfSpace([protein])
  File "/home/users/lz280/miniconda3/envs/AmberTools22/lib/python3.10/site-packages/osprey/__init__.py", line 542, in ConfSpace
    return builder.build()
java.util.java.util.NoSuchElementException: java.util.NoSuchElementException: no residue template with name: ALY
