WARNING: Using incubator modules: jdk.incubator.foreign
Traceback (most recent call last):
  File "Paste.java", line 389, in edu.duke.cs.osprey.paste.Paste.run
java.io.java.io.FileNotFoundException: java.io.FileNotFoundException: mut.txt (No such file or directory)

The above exception was the direct cause of the following exception:

Traceback (most recent call last):
  File "Paste.java", line 389, in edu.duke.cs.osprey.paste.Paste.run
Exception: Java Exception

The above exception was the direct cause of the following exception:

Traceback (most recent call last):
  File "/home/users/lz280/IdeaProjects/OSPREY3/examples/python.GMEC/PASTE_6dv2.py", line 56, in <module>
    paste.run()
java.lang.java.lang.RuntimeException: java.lang.RuntimeException: java.io.FileNotFoundException: mut.txt (No such file or directory)
